[[1;34mINFO[m] Scanning for projects...
[[1;34mINFO[m] 
[[1;34mINFO[m] [1m---------------------< [0;36morg.zeroturnaround:zt-exec[0;1m >---------------------[m
[[1;34mINFO[m] [1mBuilding ZT Process Executor 1.10[m
[[1;34mINFO[m] [1m--------------------------------[ jar ]---------------------------------[m
Downloading from central: https://repo.maven.apache.org/maven2/org/apache/maven/plugins/maven-source-plugin/3.0.0/maven-source-plugin-3.0.0.pom
Progress (1): 2.7/5.7 kBProgress (1): 5.5/5.7 kBProgress (1): 5.7 kB                        Downloaded from central: https://repo.maven.apache.org/maven2/org/apache/maven/plugins/maven-source-plugin/3.0.0/maven-source-plugin-3.0.0.pom (5.7 kB at 4.6 kB/s)
Downloading from central: https://repo.maven.apache.org/maven2/org/apache/maven/plugins/maven-source-plugin/3.0.0/maven-source-plugin-3.0.0.jar
Progress (1): 2.7/31 kBProgress (1): 5.5/31 kBProgress (1): 8.2/31 kBProgress (1): 11/31 kB Progress (1): 14/31 kBProgress (1): 16/31 kBProgress (1): 19/31 kBProgress (1): 22/31 kBProgress (1): 25/31 kBProgress (1): 27/31 kBProgress (1): 30/31 kBProgress (1): 31 kB                      Downloaded from central: https://repo.maven.apache.org/maven2/org/apache/maven/plugins/maven-source-plugin/3.0.0/maven-source-plugin-3.0.0.jar (31 kB at 71 kB/s)
[[1;34mINFO[m] 
[[1;34mINFO[m] [1m--- [0;32mmaven-resources-plugin:2.6:resources[m [1m(default-resources)[m @ [36mzt-exec[0;1m ---[m
[[1;34mINFO[m] Using 'UTF-8' encoding to copy filtered resources.
[[1;34mINFO[m] skip non existing resourceDirectory /home/wuxh/Projects/lib-conflict/cases/zt-exec/src/main/resources
[[1;34mINFO[m] 
[[1;34mINFO[m] [1m--- [0;32mmaven-compiler-plugin:3.5.1:compile[m [1m(default-compile)[m @ [36mzt-exec[0;1m ---[m
[[1;34mINFO[m] Changes detected - recompiling the module!
[[1;34mINFO[m] Compiling 41 source files to /home/wuxh/Projects/lib-conflict/cases/zt-exec/target/classes
[[1;34mINFO[m] /home/wuxh/Projects/lib-conflict/cases/zt-exec/src/main/java/org/zeroturnaround/exec/ProcessExecutor.java: Some input files use unchecked or unsafe operations.
[[1;34mINFO[m] /home/wuxh/Projects/lib-conflict/cases/zt-exec/src/main/java/org/zeroturnaround/exec/ProcessExecutor.java: Recompile with -Xlint:unchecked for details.
[[1;34mINFO[m] 
[[1;34mINFO[m] [1m--- [0;32mmaven-resources-plugin:2.6:testResources[m [1m(default-testResources)[m @ [36mzt-exec[0;1m ---[m
[[1;34mINFO[m] Using 'UTF-8' encoding to copy filtered resources.
[[1;34mINFO[m] Copying 1 resource
[[1;34mINFO[m] 
[[1;34mINFO[m] [1m--- [0;32mmaven-compiler-plugin:3.5.1:testCompile[m [1m(default-testCompile)[m @ [36mzt-exec[0;1m ---[m
[[1;34mINFO[m] Changes detected - recompiling the module!
[[1;34mINFO[m] Compiling 34 source files to /home/wuxh/Projects/lib-conflict/cases/zt-exec/target/test-classes
[[1;34mINFO[m] /home/wuxh/Projects/lib-conflict/cases/zt-exec/src/test/java/org/zeroturnaround/exec/test/shutdown/ProcessExecutorShutdownHookTest.java: /home/wuxh/Projects/lib-conflict/cases/zt-exec/src/test/java/org/zeroturnaround/exec/test/shutdown/ProcessExecutorShutdownHookTest.java uses or overrides a deprecated API.
[[1;34mINFO[m] /home/wuxh/Projects/lib-conflict/cases/zt-exec/src/test/java/org/zeroturnaround/exec/test/shutdown/ProcessExecutorShutdownHookTest.java: Recompile with -Xlint:deprecation for details.
[[1;34mINFO[m] /home/wuxh/Projects/lib-conflict/cases/zt-exec/src/test/java/org/zeroturnaround/exec/test/ProcessExecutorCommandLineTest.java: /home/wuxh/Projects/lib-conflict/cases/zt-exec/src/test/java/org/zeroturnaround/exec/test/ProcessExecutorCommandLineTest.java uses unchecked or unsafe operations.
[[1;34mINFO[m] /home/wuxh/Projects/lib-conflict/cases/zt-exec/src/test/java/org/zeroturnaround/exec/test/ProcessExecutorCommandLineTest.java: Recompile with -Xlint:unchecked for details.
[[1;34mINFO[m] 
[[1;34mINFO[m] [1m--- [0;32mmaven-surefire-plugin:2.12.4:test[m [1m(default-test)[m @ [36mzt-exec[0;1m ---[m
[[1;34mINFO[m] Surefire report directory: /home/wuxh/Projects/lib-conflict/cases/zt-exec/target/surefire-reports

-------------------------------------------------------
 T E S T S
-------------------------------------------------------
Running org.zeroturnaround.exec.test.EmptyArgTest
SLF4J: No SLF4J providers were found.
SLF4J: Defaulting to no-operation (NOP) logger implementation
SLF4J: See http://www.slf4j.org/codes.html#noProviders for further details.
SLF4J: Class path contains SLF4J bindings targeting slf4j-api versions prior to 1.8.
SLF4J: Ignoring binding found at [jar:file:/home/wuxh/.m2/repository/ch/qos/logback/logback-classic/1.1.2/logback-classic-1.1.2.jar!/org/slf4j/impl/StaticLoggerBinder.class]
SLF4J: See http://www.slf4j.org/codes.html#ignoredBindings for an explanation.
Tests run: 1, Failures: 0, Errors: 0, Skipped: 0, Time elapsed: 0.151 sec
Running org.zeroturnaround.exec.test.ProcessExecutorLoggerTest
Tests run: 4, Failures: 4, Errors: 0, Skipped: 0, Time elapsed: 0.002 sec <<< FAILURE!
testShortName(org.zeroturnaround.exec.test.ProcessExecutorLoggerTest)  Time elapsed: 0 sec  <<< FAILURE!
org.junit.ComparisonFailure: expected:<[org.zeroturnaround.exec.test.ProcessExecutorLoggerTest.MyLogger]> but was:<[NOP]>
	at org.junit.Assert.assertEquals(Assert.java:115)
	at org.junit.Assert.assertEquals(Assert.java:144)
	at org.zeroturnaround.exec.test.ProcessExecutorLoggerTest.testSlf4jLoggerName(ProcessExecutorLoggerTest.java:64)
	at org.zeroturnaround.exec.test.ProcessExecutorLoggerTest.testShortName(ProcessExecutorLoggerTest.java:42)
	at sun.reflect.NativeMethodAccessorImpl.invoke0(Native Method)
	at sun.reflect.NativeMethodAccessorImpl.invoke(NativeMethodAccessorImpl.java:62)
	at sun.reflect.DelegatingMethodAccessorImpl.invoke(DelegatingMethodAccessorImpl.java:43)
	at java.lang.reflect.Method.invoke(Method.java:498)
	at org.junit.runners.model.FrameworkMethod$1.runReflectiveCall(FrameworkMethod.java:47)
	at org.junit.internal.runners.model.ReflectiveCallable.run(ReflectiveCallable.java:12)
	at org.junit.runners.model.FrameworkMethod.invokeExplosively(FrameworkMethod.java:44)
	at org.junit.internal.runners.statements.InvokeMethod.evaluate(InvokeMethod.java:17)
	at org.junit.runners.ParentRunner.runLeaf(ParentRunner.java:271)
	at org.junit.runners.BlockJUnit4ClassRunner.runChild(BlockJUnit4ClassRunner.java:70)
	at org.junit.runners.BlockJUnit4ClassRunner.runChild(BlockJUnit4ClassRunner.java:50)
	at org.junit.runners.ParentRunner$3.run(ParentRunner.java:238)
	at org.junit.runners.ParentRunner$1.schedule(ParentRunner.java:63)
	at org.junit.runners.ParentRunner.runChildren(ParentRunner.java:236)
	at org.junit.runners.ParentRunner.access$000(ParentRunner.java:53)
	at org.junit.runners.ParentRunner$2.evaluate(ParentRunner.java:229)
	at org.junit.runners.ParentRunner.run(ParentRunner.java:309)
	at org.apache.maven.surefire.junit4.JUnit4Provider.execute(JUnit4Provider.java:252)
	at org.apache.maven.surefire.junit4.JUnit4Provider.executeTestSet(JUnit4Provider.java:141)
	at org.apache.maven.surefire.junit4.JUnit4Provider.invoke(JUnit4Provider.java:112)
	at sun.reflect.NativeMethodAccessorImpl.invoke0(Native Method)
	at sun.reflect.NativeMethodAccessorImpl.invoke(NativeMethodAccessorImpl.java:62)
	at sun.reflect.DelegatingMethodAccessorImpl.invoke(DelegatingMethodAccessorImpl.java:43)
	at java.lang.reflect.Method.invoke(Method.java:498)
	at org.apache.maven.surefire.util.ReflectionUtils.invokeMethodWithArray(ReflectionUtils.java:189)
	at org.apache.maven.surefire.booter.ProviderFactory$ProviderProxy.invoke(ProviderFactory.java:165)
	at org.apache.maven.surefire.booter.ProviderFactory.invokeProvider(ProviderFactory.java:85)
	at org.apache.maven.surefire.booter.ForkedBooter.runSuitesInProcess(ForkedBooter.java:115)
	at org.apache.maven.surefire.booter.ForkedBooter.main(ForkedBooter.java:75)

testClassNameWithShortName(org.zeroturnaround.exec.test.ProcessExecutorLoggerTest)  Time elapsed: 0.001 sec  <<< FAILURE!
org.junit.ComparisonFailure: expected:<[org.zeroturnaround.exec.test.ProcessExecutorLoggerTest.MyLogger]> but was:<[NOP]>
	at org.junit.Assert.assertEquals(Assert.java:115)
	at org.junit.Assert.assertEquals(Assert.java:144)
	at org.zeroturnaround.exec.test.ProcessExecutorLoggerTest.testSlf4jLoggerName(ProcessExecutorLoggerTest.java:64)
	at org.zeroturnaround.exec.test.ProcessExecutorLoggerTest.testClassNameWithShortName(ProcessExecutorLoggerTest.java:49)
	at sun.reflect.NativeMethodAccessorImpl.invoke0(Native Method)
	at sun.reflect.NativeMethodAccessorImpl.invoke(NativeMethodAccessorImpl.java:62)
	at sun.reflect.DelegatingMethodAccessorImpl.invoke(DelegatingMethodAccessorImpl.java:43)
	at java.lang.reflect.Method.invoke(Method.java:498)
	at org.junit.runners.model.FrameworkMethod$1.runReflectiveCall(FrameworkMethod.java:47)
	at org.junit.internal.runners.model.ReflectiveCallable.run(ReflectiveCallable.java:12)
	at org.junit.runners.model.FrameworkMethod.invokeExplosively(FrameworkMethod.java:44)
	at org.junit.internal.runners.statements.InvokeMethod.evaluate(InvokeMethod.java:17)
	at org.junit.runners.ParentRunner.runLeaf(ParentRunner.java:271)
	at org.junit.runners.BlockJUnit4ClassRunner.runChild(BlockJUnit4ClassRunner.java:70)
	at org.junit.runners.BlockJUnit4ClassRunner.runChild(BlockJUnit4ClassRunner.java:50)
	at org.junit.runners.ParentRunner$3.run(ParentRunner.java:238)
	at org.junit.runners.ParentRunner$1.schedule(ParentRunner.java:63)
	at org.junit.runners.ParentRunner.runChildren(ParentRunner.java:236)
	at org.junit.runners.ParentRunner.access$000(ParentRunner.java:53)
	at org.junit.runners.ParentRunner$2.evaluate(ParentRunner.java:229)
	at org.junit.runners.ParentRunner.run(ParentRunner.java:309)
	at org.apache.maven.surefire.junit4.JUnit4Provider.execute(JUnit4Provider.java:252)
	at org.apache.maven.surefire.junit4.JUnit4Provider.executeTestSet(JUnit4Provider.java:141)
	at org.apache.maven.surefire.junit4.JUnit4Provider.invoke(JUnit4Provider.java:112)
	at sun.reflect.NativeMethodAccessorImpl.invoke0(Native Method)
	at sun.reflect.NativeMethodAccessorImpl.invoke(NativeMethodAccessorImpl.java:62)
	at sun.reflect.DelegatingMethodAccessorImpl.invoke(DelegatingMethodAccessorImpl.java:43)
	at java.lang.reflect.Method.invoke(Method.java:498)
	at org.apache.maven.surefire.util.ReflectionUtils.invokeMethodWithArray(ReflectionUtils.java:189)
	at org.apache.maven.surefire.booter.ProviderFactory$ProviderProxy.invoke(ProviderFactory.java:165)
	at org.apache.maven.surefire.booter.ProviderFactory.invokeProvider(ProviderFactory.java:85)
	at org.apache.maven.surefire.booter.ForkedBooter.runSuitesInProcess(ForkedBooter.java:115)
	at org.apache.maven.surefire.booter.ForkedBooter.main(ForkedBooter.java:75)

testMyClassName(org.zeroturnaround.exec.test.ProcessExecutorLoggerTest)  Time elapsed: 0 sec  <<< FAILURE!
org.junit.ComparisonFailure: expected:<[org.zeroturnaround.exec.test.ProcessExecutorLoggerTest]> but was:<[NOP]>
	at org.junit.Assert.assertEquals(Assert.java:115)
	at org.junit.Assert.assertEquals(Assert.java:144)
	at org.zeroturnaround.exec.test.ProcessExecutorLoggerTest.testSlf4jLoggerName(ProcessExecutorLoggerTest.java:64)
	at org.zeroturnaround.exec.test.ProcessExecutorLoggerTest.testMyClassName(ProcessExecutorLoggerTest.java:55)
	at sun.reflect.NativeMethodAccessorImpl.invoke0(Native Method)
	at sun.reflect.NativeMethodAccessorImpl.invoke(NativeMethodAccessorImpl.java:62)
	at sun.reflect.DelegatingMethodAccessorImpl.invoke(DelegatingMethodAccessorImpl.java:43)
	at java.lang.reflect.Method.invoke(Method.java:498)
	at org.junit.runners.model.FrameworkMethod$1.runReflectiveCall(FrameworkMethod.java:47)
	at org.junit.internal.runners.model.ReflectiveCallable.run(ReflectiveCallable.java:12)
	at org.junit.runners.model.FrameworkMethod.invokeExplosively(FrameworkMethod.java:44)
	at org.junit.internal.runners.statements.InvokeMethod.evaluate(InvokeMethod.java:17)
	at org.junit.runners.ParentRunner.runLeaf(ParentRunner.java:271)
	at org.junit.runners.BlockJUnit4ClassRunner.runChild(BlockJUnit4ClassRunner.java:70)
	at org.junit.runners.BlockJUnit4ClassRunner.runChild(BlockJUnit4ClassRunner.java:50)
	at org.junit.runners.ParentRunner$3.run(ParentRunner.java:238)
	at org.junit.runners.ParentRunner$1.schedule(ParentRunner.java:63)
	at org.junit.runners.ParentRunner.runChildren(ParentRunner.java:236)
	at org.junit.runners.ParentRunner.access$000(ParentRunner.java:53)
	at org.junit.runners.ParentRunner$2.evaluate(ParentRunner.java:229)
	at org.junit.runners.ParentRunner.run(ParentRunner.java:309)
	at org.apache.maven.surefire.junit4.JUnit4Provider.execute(JUnit4Provider.java:252)
	at org.apache.maven.surefire.junit4.JUnit4Provider.executeTestSet(JUnit4Provider.java:141)
	at org.apache.maven.surefire.junit4.JUnit4Provider.invoke(JUnit4Provider.java:112)
	at sun.reflect.NativeMethodAccessorImpl.invoke0(Native Method)
	at sun.reflect.NativeMethodAccessorImpl.invoke(NativeMethodAccessorImpl.java:62)
	at sun.reflect.DelegatingMethodAccessorImpl.invoke(DelegatingMethodAccessorImpl.java:43)
	at java.lang.reflect.Method.invoke(Method.java:498)
	at org.apache.maven.surefire.util.ReflectionUtils.invokeMethodWithArray(ReflectionUtils.java:189)
	at org.apache.maven.surefire.booter.ProviderFactory$ProviderProxy.invoke(ProviderFactory.java:165)
	at org.apache.maven.surefire.booter.ProviderFactory.invokeProvider(ProviderFactory.java:85)
	at org.apache.maven.surefire.booter.ForkedBooter.runSuitesInProcess(ForkedBooter.java:115)
	at org.apache.maven.surefire.booter.ForkedBooter.main(ForkedBooter.java:75)

testFullName(org.zeroturnaround.exec.test.ProcessExecutorLoggerTest)  Time elapsed: 0.001 sec  <<< FAILURE!
org.junit.ComparisonFailure: expected:<[my.full.Logger]> but was:<[NOP]>
	at org.junit.Assert.assertEquals(Assert.java:115)
	at org.junit.Assert.assertEquals(Assert.java:144)
	at org.zeroturnaround.exec.test.ProcessExecutorLoggerTest.testSlf4jLoggerName(ProcessExecutorLoggerTest.java:64)
	at org.zeroturnaround.exec.test.ProcessExecutorLoggerTest.testFullName(ProcessExecutorLoggerTest.java:35)
	at sun.reflect.NativeMethodAccessorImpl.invoke0(Native Method)
	at sun.reflect.NativeMethodAccessorImpl.invoke(NativeMethodAccessorImpl.java:62)
	at sun.reflect.DelegatingMethodAccessorImpl.invoke(DelegatingMethodAccessorImpl.java:43)
	at java.lang.reflect.Method.invoke(Method.java:498)
	at org.junit.runners.model.FrameworkMethod$1.runReflectiveCall(FrameworkMethod.java:47)
	at org.junit.internal.runners.model.ReflectiveCallable.run(ReflectiveCallable.java:12)
	at org.junit.runners.model.FrameworkMethod.invokeExplosively(FrameworkMethod.java:44)
	at org.junit.internal.runners.statements.InvokeMethod.evaluate(InvokeMethod.java:17)
	at org.junit.runners.ParentRunner.runLeaf(ParentRunner.java:271)
	at org.junit.runners.BlockJUnit4ClassRunner.runChild(BlockJUnit4ClassRunner.java:70)
	at org.junit.runners.BlockJUnit4ClassRunner.runChild(BlockJUnit4ClassRunner.java:50)
	at org.junit.runners.ParentRunner$3.run(ParentRunner.java:238)
	at org.junit.runners.ParentRunner$1.schedule(ParentRunner.java:63)
	at org.junit.runners.ParentRunner.runChildren(ParentRunner.java:236)
	at org.junit.runners.ParentRunner.access$000(ParentRunner.java:53)
	at org.junit.runners.ParentRunner$2.evaluate(ParentRunner.java:229)
	at org.junit.runners.ParentRunner.run(ParentRunner.java:309)
	at org.apache.maven.surefire.junit4.JUnit4Provider.execute(JUnit4Provider.java:252)
	at org.apache.maven.surefire.junit4.JUnit4Provider.executeTestSet(JUnit4Provider.java:141)
	at org.apache.maven.surefire.junit4.JUnit4Provider.invoke(JUnit4Provider.java:112)
	at sun.reflect.NativeMethodAccessorImpl.invoke0(Native Method)
	at sun.reflect.NativeMethodAccessorImpl.invoke(NativeMethodAccessorImpl.java:62)
	at sun.reflect.DelegatingMethodAccessorImpl.invoke(DelegatingMethodAccessorImpl.java:43)
	at java.lang.reflect.Method.invoke(Method.java:498)
	at org.apache.maven.surefire.util.ReflectionUtils.invokeMethodWithArray(ReflectionUtils.java:189)
	at org.apache.maven.surefire.booter.ProviderFactory$ProviderProxy.invoke(ProviderFactory.java:165)
	at org.apache.maven.surefire.booter.ProviderFactory.invokeProvider(ProviderFactory.java:85)
	at org.apache.maven.surefire.booter.ForkedBooter.runSuitesInProcess(ForkedBooter.java:115)
	at org.apache.maven.surefire.booter.ForkedBooter.main(ForkedBooter.java:75)

Running org.zeroturnaround.exec.test.ProcessInitExceptionTest
Tests run: 3, Failures: 0, Errors: 0, Skipped: 0, Time elapsed: 0 sec
Running org.zeroturnaround.exec.test.ProcessExecutorInputStreamTest
Tests run: 3, Failures: 0, Errors: 0, Skipped: 0, Time elapsed: 0.163 sec
Running org.zeroturnaround.exec.test.ProcessListenerThrowTest
Tests run: 2, Failures: 2, Errors: 0, Skipped: 0, Time elapsed: 0.089 sec <<< FAILURE!
testJavaVersion(org.zeroturnaround.exec.test.ProcessListenerThrowTest)  Time elapsed: 0.039 sec  <<< FAILURE!
java.lang.AssertionError: Expected exception: org.zeroturnaround.exec.InvalidOutputException
	at org.junit.internal.runners.statements.ExpectException.evaluate(ExpectException.java:32)
	at org.junit.runners.ParentRunner.runLeaf(ParentRunner.java:271)
	at org.junit.runners.BlockJUnit4ClassRunner.runChild(BlockJUnit4ClassRunner.java:70)
	at org.junit.runners.BlockJUnit4ClassRunner.runChild(BlockJUnit4ClassRunner.java:50)
	at org.junit.runners.ParentRunner$3.run(ParentRunner.java:238)
	at org.junit.runners.ParentRunner$1.schedule(ParentRunner.java:63)
	at org.junit.runners.ParentRunner.runChildren(ParentRunner.java:236)
	at org.junit.runners.ParentRunner.access$000(ParentRunner.java:53)
	at org.junit.runners.ParentRunner$2.evaluate(ParentRunner.java:229)
	at org.junit.runners.ParentRunner.run(ParentRunner.java:309)
	at org.apache.maven.surefire.junit4.JUnit4Provider.execute(JUnit4Provider.java:252)
	at org.apache.maven.surefire.junit4.JUnit4Provider.executeTestSet(JUnit4Provider.java:141)
	at org.apache.maven.surefire.junit4.JUnit4Provider.invoke(JUnit4Provider.java:112)
	at sun.reflect.NativeMethodAccessorImpl.invoke0(Native Method)
	at sun.reflect.NativeMethodAccessorImpl.invoke(NativeMethodAccessorImpl.java:62)
	at sun.reflect.DelegatingMethodAccessorImpl.invoke(DelegatingMethodAccessorImpl.java:43)
	at java.lang.reflect.Method.invoke(Method.java:498)
	at org.apache.maven.surefire.util.ReflectionUtils.invokeMethodWithArray(ReflectionUtils.java:189)
	at org.apache.maven.surefire.booter.ProviderFactory$ProviderProxy.invoke(ProviderFactory.java:165)
	at org.apache.maven.surefire.booter.ProviderFactory.invokeProvider(ProviderFactory.java:85)
	at org.apache.maven.surefire.booter.ForkedBooter.runSuitesInProcess(ForkedBooter.java:115)
	at org.apache.maven.surefire.booter.ForkedBooter.main(ForkedBooter.java:75)

testJavaVersionWithTimeout(org.zeroturnaround.exec.test.ProcessListenerThrowTest)  Time elapsed: 0.049 sec  <<< FAILURE!
java.lang.AssertionError: Expected exception: org.zeroturnaround.exec.InvalidOutputException
	at org.junit.internal.runners.statements.ExpectException.evaluate(ExpectException.java:32)
	at org.junit.runners.ParentRunner.runLeaf(ParentRunner.java:271)
	at org.junit.runners.BlockJUnit4ClassRunner.runChild(BlockJUnit4ClassRunner.java:70)
	at org.junit.runners.BlockJUnit4ClassRunner.runChild(BlockJUnit4ClassRunner.java:50)
	at org.junit.runners.ParentRunner$3.run(ParentRunner.java:238)
	at org.junit.runners.ParentRunner$1.schedule(ParentRunner.java:63)
	at org.junit.runners.ParentRunner.runChildren(ParentRunner.java:236)
	at org.junit.runners.ParentRunner.access$000(ParentRunner.java:53)
	at org.junit.runners.ParentRunner$2.evaluate(ParentRunner.java:229)
	at org.junit.runners.ParentRunner.run(ParentRunner.java:309)
	at org.apache.maven.surefire.junit4.JUnit4Provider.execute(JUnit4Provider.java:252)
	at org.apache.maven.surefire.junit4.JUnit4Provider.executeTestSet(JUnit4Provider.java:141)
	at org.apache.maven.surefire.junit4.JUnit4Provider.invoke(JUnit4Provider.java:112)
	at sun.reflect.NativeMethodAccessorImpl.invoke0(Native Method)
	at sun.reflect.NativeMethodAccessorImpl.invoke(NativeMethodAccessorImpl.java:62)
	at sun.reflect.DelegatingMethodAccessorImpl.invoke(DelegatingMethodAccessorImpl.java:43)
	at java.lang.reflect.Method.invoke(Method.java:498)
	at org.apache.maven.surefire.util.ReflectionUtils.invokeMethodWithArray(ReflectionUtils.java:189)
	at org.apache.maven.surefire.booter.ProviderFactory$ProviderProxy.invoke(ProviderFactory.java:165)
	at org.apache.maven.surefire.booter.ProviderFactory.invokeProvider(ProviderFactory.java:85)
	at org.apache.maven.surefire.booter.ForkedBooter.runSuitesInProcess(ForkedBooter.java:115)
	at org.apache.maven.surefire.booter.ForkedBooter.main(ForkedBooter.java:75)

Running org.zeroturnaround.exec.test.ProcessExecutorArgsWithExtraSpaceTest
Tests run: 1, Failures: 0, Errors: 0, Skipped: 0, Time elapsed: 0.032 sec
Running org.zeroturnaround.exec.test.ProcessExecutorHelloWorldTest
Tests run: 11, Failures: 0, Errors: 0, Skipped: 0, Time elapsed: 0.546 sec
Running org.zeroturnaround.exec.test.shutdown.ProcessExecutorShutdownHookTest
Tests run: 2, Failures: 0, Errors: 0, Skipped: 0, Time elapsed: 6.288 sec
Running org.zeroturnaround.exec.test.ProcessExecutorStreamCloseTest
Tests run: 2, Failures: 0, Errors: 0, Skipped: 0, Time elapsed: 0.108 sec
Running org.zeroturnaround.exec.test.InputRedirectTest
Tests run: 1, Failures: 0, Errors: 0, Skipped: 0, Time elapsed: 0.012 sec
Running org.zeroturnaround.exec.test.ProcessExecutorTimeoutTest
Tests run: 2, Failures: 0, Errors: 0, Skipped: 0, Time elapsed: 2.014 sec
Running org.zeroturnaround.exec.test.ProcessListenerSuccessTest
Tests run: 1, Failures: 0, Errors: 0, Skipped: 0, Time elapsed: 0.043 sec
Running org.zeroturnaround.exec.test.LogOutputStreamTest
Tests run: 9, Failures: 0, Errors: 0, Skipped: 0, Time elapsed: 0.002 sec
Running org.zeroturnaround.exec.test.CallerLoggerUtilTest
Tests run: 3, Failures: 0, Errors: 0, Skipped: 0, Time elapsed: 0.001 sec
Running org.zeroturnaround.exec.test.ProcessExecutorBigOutputTest
Tests run: 6, Failures: 0, Errors: 0, Skipped: 0, Time elapsed: 1.461 sec
Running org.zeroturnaround.exec.test.ProcessExecutorExitValueTest
Tests run: 4, Failures: 0, Errors: 0, Skipped: 0, Time elapsed: 0.175 sec
Running org.zeroturnaround.exec.test.ProcessExecutorMainTest
Tests run: 18, Failures: 0, Errors: 0, Skipped: 0, Time elapsed: 0.658 sec
Running org.zeroturnaround.exec.test.ProcessExecutorCommandLineTest
Tests run: 5, Failures: 0, Errors: 0, Skipped: 0, Time elapsed: 0.243 sec
Running org.zeroturnaround.exec.test.InputStreamPumperTest
Tests run: 2, Failures: 0, Errors: 0, Skipped: 0, Time elapsed: 0.098 sec
Running org.zeroturnaround.exec.ProcessOutputTest
Tests run: 10, Failures: 0, Errors: 0, Skipped: 0, Time elapsed: 0.002 sec

Results :

Failed tests:   testShortName(org.zeroturnaround.exec.test.ProcessExecutorLoggerTest): expected:<[org.zeroturnaround.exec.test.ProcessExecutorLoggerTest.MyLogger]> but was:<[NOP]>
  testClassNameWithShortName(org.zeroturnaround.exec.test.ProcessExecutorLoggerTest): expected:<[org.zeroturnaround.exec.test.ProcessExecutorLoggerTest.MyLogger]> but was:<[NOP]>
  testMyClassName(org.zeroturnaround.exec.test.ProcessExecutorLoggerTest): expected:<[org.zeroturnaround.exec.test.ProcessExecutorLoggerTest]> but was:<[NOP]>
  testFullName(org.zeroturnaround.exec.test.ProcessExecutorLoggerTest): expected:<[my.full.Logger]> but was:<[NOP]>
  testJavaVersion(org.zeroturnaround.exec.test.ProcessListenerThrowTest): Expected exception: org.zeroturnaround.exec.InvalidOutputException
  testJavaVersionWithTimeout(org.zeroturnaround.exec.test.ProcessListenerThrowTest): Expected exception: org.zeroturnaround.exec.InvalidOutputException

Tests run: 90, Failures: 6, Errors: 0, Skipped: 0

[[1;34mINFO[m] [1m------------------------------------------------------------------------[m
[[1;34mINFO[m] [1;31mBUILD FAILURE[m
[[1;34mINFO[m] [1m------------------------------------------------------------------------[m
[[1;34mINFO[m] Total time:  16.402 s
[[1;34mINFO[m] Finished at: 2021-01-26T19:41:36+08:00
[[1;34mINFO[m] [1m------------------------------------------------------------------------[m
[[1;31mERROR[m] Failed to execute goal [32morg.apache.maven.plugins:maven-surefire-plugin:2.12.4:test[m [1m(default-test)[m on project [36mzt-exec[m: [1;31mThere are test failures.[m
[[1;31mERROR[m] [1;31m[m
[[1;31mERROR[m] [1;31mPlease refer to /home/wuxh/Projects/lib-conflict/cases/zt-exec/target/surefire-reports for the individual test results.[m
[[1;31mERROR[m] -> [1m[Help 1][m
[[1;31mERROR[m] 
[[1;31mERROR[m] To see the full stack trace of the errors, re-run Maven with the [1m-e[m switch.
[[1;31mERROR[m] Re-run Maven using the [1m-X[m switch to enable full debug logging.
[[1;31mERROR[m] 
[[1;31mERROR[m] For more information about the errors and possible solutions, please read the following articles:
[[1;31mERROR[m] [1m[Help 1][m http://cwiki.apache.org/confluence/display/MAVEN/MojoFailureException
