[[1;34mINFO[m] Scanning for projects...
[[1;34mINFO[m] 
[[1;34mINFO[m] [1m---------------------< [0;36morg.zeroturnaround:zt-exec[0;1m >---------------------[m
[[1;34mINFO[m] [1mBuilding ZT Process Executor 1.10[m
[[1;34mINFO[m] [1m--------------------------------[ jar ]---------------------------------[m
Downloading from central: https://repo.maven.apache.org/maven2/ch/qos/logback/logback-classic/1.3.0-alpha5/logback-classic-1.3.0-alpha5.pom
Progress (1): 2.7/14 kBProgress (1): 5.5/14 kBProgress (1): 8.2/14 kBProgress (1): 11/14 kB Progress (1): 14 kB                      Downloaded from central: https://repo.maven.apache.org/maven2/ch/qos/logback/logback-classic/1.3.0-alpha5/logback-classic-1.3.0-alpha5.pom (14 kB at 11 kB/s)
Downloading from central: https://repo.maven.apache.org/maven2/ch/qos/logback/logback-classic/1.3.0-alpha5/logback-classic-1.3.0-alpha5.jar
Progress (1): 2.7/247 kBProgress (1): 5.5/247 kBProgress (1): 8.2/247 kBProgress (1): 11/247 kB Progress (1): 14/247 kBProgress (1): 16/247 kBProgress (1): 19/247 kBProgress (1): 22/247 kBProgress (1): 25/247 kBProgress (1): 27/247 kBProgress (1): 30/247 kBProgress (1): 33/247 kBProgress (1): 36/247 kBProgress (1): 38/247 kBProgress (1): 41/247 kBProgress (1): 44/247 kBProgress (1): 47/247 kBProgress (1): 49/247 kBProgress (1): 52/247 kBProgress (1): 55/247 kBProgress (1): 58/247 kBProgress (1): 60/247 kBProgress (1): 63/247 kBProgress (1): 66/247 kBProgress (1): 69/247 kBProgress (1): 71/247 kBProgress (1): 74/247 kBProgress (1): 77/247 kBProgress (1): 80/247 kBProgress (1): 82/247 kBProgress (1): 85/247 kBProgress (1): 88/247 kBProgress (1): 90/247 kBProgress (1): 93/247 kBProgress (1): 96/247 kBProgress (1): 99/247 kBProgress (1): 101/247 kBProgress (1): 104/247 kBProgress (1): 107/247 kBProgress (1): 110/247 kBProgress (1): 112/247 kBProgress (1): 115/247 kBProgress (1): 118/247 kBProgress (1): 121/247 kBProgress (1): 123/247 kBProgress (1): 126/247 kBProgress (1): 129/247 kBProgress (1): 132/247 kBProgress (1): 134/247 kBProgress (1): 137/247 kBProgress (1): 140/247 kBProgress (1): 143/247 kBProgress (1): 145/247 kBProgress (1): 148/247 kBProgress (1): 151/247 kBProgress (1): 154/247 kBProgress (1): 156/247 kBProgress (1): 159/247 kBProgress (1): 162/247 kBProgress (1): 165/247 kBProgress (1): 167/247 kBProgress (1): 170/247 kBProgress (1): 173/247 kBProgress (1): 175/247 kBProgress (1): 178/247 kBProgress (1): 181/247 kBProgress (1): 184/247 kBProgress (1): 186/247 kBProgress (1): 189/247 kBProgress (1): 192/247 kBProgress (1): 195/247 kBProgress (1): 197/247 kBProgress (1): 200/247 kBProgress (1): 203/247 kBProgress (1): 206/247 kBProgress (1): 208/247 kBProgress (1): 211/247 kBProgress (1): 214/247 kBProgress (1): 217/247 kBProgress (1): 219/247 kBProgress (1): 222/247 kBProgress (1): 225/247 kBProgress (1): 228/247 kBProgress (1): 230/247 kBProgress (1): 233/247 kBProgress (1): 236/247 kBProgress (1): 239/247 kBProgress (1): 241/247 kBProgress (1): 244/247 kBProgress (1): 247 kB                        Downloaded from central: https://repo.maven.apache.org/maven2/ch/qos/logback/logback-classic/1.3.0-alpha5/logback-classic-1.3.0-alpha5.jar (247 kB at 293 kB/s)
[[1;34mINFO[m] 
[[1;34mINFO[m] [1m--- [0;32mmaven-resources-plugin:2.6:resources[m [1m(default-resources)[m @ [36mzt-exec[0;1m ---[m
[[1;34mINFO[m] Using 'UTF-8' encoding to copy filtered resources.
[[1;34mINFO[m] skip non existing resourceDirectory /home/wuxh/Projects/lib-conflict/cases/zt-exec-up-logback/src/main/resources
[[1;34mINFO[m] 
[[1;34mINFO[m] [1m--- [0;32mmaven-compiler-plugin:3.5.1:compile[m [1m(default-compile)[m @ [36mzt-exec[0;1m ---[m
[[1;34mINFO[m] Changes detected - recompiling the module!
[[1;34mINFO[m] Compiling 41 source files to /home/wuxh/Projects/lib-conflict/cases/zt-exec-up-logback/target/classes
[[1;34mINFO[m] /home/wuxh/Projects/lib-conflict/cases/zt-exec-up-logback/src/main/java/org/zeroturnaround/exec/ProcessExecutor.java: /home/wuxh/Projects/lib-conflict/cases/zt-exec-up-logback/src/main/java/org/zeroturnaround/exec/ProcessExecutor.java uses unchecked or unsafe operations.
[[1;34mINFO[m] /home/wuxh/Projects/lib-conflict/cases/zt-exec-up-logback/src/main/java/org/zeroturnaround/exec/ProcessExecutor.java: Recompile with -Xlint:unchecked for details.
[[1;34mINFO[m] 
[[1;34mINFO[m] [1m--- [0;32mmaven-resources-plugin:2.6:testResources[m [1m(default-testResources)[m @ [36mzt-exec[0;1m ---[m
[[1;34mINFO[m] Using 'UTF-8' encoding to copy filtered resources.
[[1;34mINFO[m] Copying 1 resource
[[1;34mINFO[m] 
[[1;34mINFO[m] [1m--- [0;32mmaven-compiler-plugin:3.5.1:testCompile[m [1m(default-testCompile)[m @ [36mzt-exec[0;1m ---[m
[[1;34mINFO[m] Changes detected - recompiling the module!
[[1;34mINFO[m] Compiling 34 source files to /home/wuxh/Projects/lib-conflict/cases/zt-exec-up-logback/target/test-classes
[[1;34mINFO[m] /home/wuxh/Projects/lib-conflict/cases/zt-exec-up-logback/src/test/java/org/zeroturnaround/exec/test/shutdown/ProcessExecutorShutdownHookTest.java: /home/wuxh/Projects/lib-conflict/cases/zt-exec-up-logback/src/test/java/org/zeroturnaround/exec/test/shutdown/ProcessExecutorShutdownHookTest.java uses or overrides a deprecated API.
[[1;34mINFO[m] /home/wuxh/Projects/lib-conflict/cases/zt-exec-up-logback/src/test/java/org/zeroturnaround/exec/test/shutdown/ProcessExecutorShutdownHookTest.java: Recompile with -Xlint:deprecation for details.
[[1;34mINFO[m] /home/wuxh/Projects/lib-conflict/cases/zt-exec-up-logback/src/test/java/org/zeroturnaround/exec/test/ProcessExecutorCommandLineTest.java: /home/wuxh/Projects/lib-conflict/cases/zt-exec-up-logback/src/test/java/org/zeroturnaround/exec/test/ProcessExecutorCommandLineTest.java uses unchecked or unsafe operations.
[[1;34mINFO[m] /home/wuxh/Projects/lib-conflict/cases/zt-exec-up-logback/src/test/java/org/zeroturnaround/exec/test/ProcessExecutorCommandLineTest.java: Recompile with -Xlint:unchecked for details.
[[1;34mINFO[m] 
[[1;34mINFO[m] [1m--- [0;32mmaven-surefire-plugin:2.12.4:test[m [1m(default-test)[m @ [36mzt-exec[0;1m ---[m
[[1;34mINFO[m] Surefire report directory: /home/wuxh/Projects/lib-conflict/cases/zt-exec-up-logback/target/surefire-reports

-------------------------------------------------------
 T E S T S
-------------------------------------------------------
Running org.zeroturnaround.exec.test.EmptyArgTest
SLF4J: Failed to load class "org.slf4j.impl.StaticLoggerBinder".
SLF4J: Defaulting to no-operation (NOP) logger implementation
SLF4J: See http://www.slf4j.org/codes.html#StaticLoggerBinder for further details.
SLF4J: Failed to load class "org.slf4j.impl.StaticMDCBinder".
SLF4J: Defaulting to no-operation MDCAdapter implementation.
SLF4J: See http://www.slf4j.org/codes.html#no_static_mdc_binder for further details.
Tests run: 1, Failures: 0, Errors: 0, Skipped: 0, Time elapsed: 0.132 sec
Running org.zeroturnaround.exec.test.ProcessExecutorLoggerTest
Tests run: 4, Failures: 4, Errors: 0, Skipped: 0, Time elapsed: 0.001 sec <<< FAILURE!
testShortName(org.zeroturnaround.exec.test.ProcessExecutorLoggerTest)  Time elapsed: 0 sec  <<< FAILURE!
org.junit.ComparisonFailure: expected:<[org.zeroturnaround.exec.test.ProcessExecutorLoggerTest.MyLogger]> but was:<[NOP]>
	at org.junit.Assert.assertEquals(Assert.java:115)
	at org.junit.Assert.assertEquals(Assert.java:144)
	at org.zeroturnaround.exec.test.ProcessExecutorLoggerTest.testSlf4jLoggerName(ProcessExecutorLoggerTest.java:64)
	at org.zeroturnaround.exec.test.ProcessExecutorLoggerTest.testShortName(ProcessExecutorLoggerTest.java:42)
	at sun.reflect.NativeMethodAccessorImpl.invoke0(Native Method)
	at sun.reflect.NativeMethodAccessorImpl.invoke(NativeMethodAccessorImpl.java:62)
	at sun.reflect.DelegatingMethodAccessorImpl.invoke(DelegatingMethodAccessorImpl.java:43)
	at java.lang.reflect.Method.invoke(Method.java:498)
	at org.junit.runners.model.FrameworkMethod$1.runReflectiveCall(FrameworkMethod.java:47)
	at org.junit.internal.runners.model.ReflectiveCallable.run(ReflectiveCallable.java:12)
	at org.junit.runners.model.FrameworkMethod.invokeExplosively(FrameworkMethod.java:44)
	at org.junit.internal.runners.statements.InvokeMethod.evaluate(InvokeMethod.java:17)
	at org.junit.runners.ParentRunner.runLeaf(ParentRunner.java:271)
	at org.junit.runners.BlockJUnit4ClassRunner.runChild(BlockJUnit4ClassRunner.java:70)
	at org.junit.runners.BlockJUnit4ClassRunner.runChild(BlockJUnit4ClassRunner.java:50)
	at org.junit.runners.ParentRunner$3.run(ParentRunner.java:238)
	at org.junit.runners.ParentRunner$1.schedule(ParentRunner.java:63)
	at org.junit.runners.ParentRunner.runChildren(ParentRunner.java:236)
	at org.junit.runners.ParentRunner.access$000(ParentRunner.java:53)
	at org.junit.runners.ParentRunner$2.evaluate(ParentRunner.java:229)
	at org.junit.runners.ParentRunner.run(ParentRunner.java:309)
	at org.apache.maven.surefire.junit4.JUnit4Provider.execute(JUnit4Provider.java:252)
	at org.apache.maven.surefire.junit4.JUnit4Provider.executeTestSet(JUnit4Provider.java:141)
	at org.apache.maven.surefire.junit4.JUnit4Provider.invoke(JUnit4Provider.java:112)
	at sun.reflect.NativeMethodAccessorImpl.invoke0(Native Method)
	at sun.reflect.NativeMethodAccessorImpl.invoke(NativeMethodAccessorImpl.java:62)
	at sun.reflect.DelegatingMethodAccessorImpl.invoke(DelegatingMethodAccessorImpl.java:43)
	at java.lang.reflect.Method.invoke(Method.java:498)
	at org.apache.maven.surefire.util.ReflectionUtils.invokeMethodWithArray(ReflectionUtils.java:189)
	at org.apache.maven.surefire.booter.ProviderFactory$ProviderProxy.invoke(ProviderFactory.java:165)
	at org.apache.maven.surefire.booter.ProviderFactory.invokeProvider(ProviderFactory.java:85)
	at org.apache.maven.surefire.booter.ForkedBooter.runSuitesInProcess(ForkedBooter.java:115)
	at org.apache.maven.surefire.booter.ForkedBooter.main(ForkedBooter.java:75)

testClassNameWithShortName(org.zeroturnaround.exec.test.ProcessExecutorLoggerTest)  Time elapsed: 0 sec  <<< FAILURE!
org.junit.ComparisonFailure: expected:<[org.zeroturnaround.exec.test.ProcessExecutorLoggerTest.MyLogger]> but was:<[NOP]>
	at org.junit.Assert.assertEquals(Assert.java:115)
	at org.junit.Assert.assertEquals(Assert.java:144)
	at org.zeroturnaround.exec.test.ProcessExecutorLoggerTest.testSlf4jLoggerName(ProcessExecutorLoggerTest.java:64)
	at org.zeroturnaround.exec.test.ProcessExecutorLoggerTest.testClassNameWithShortName(ProcessExecutorLoggerTest.java:49)
	at sun.reflect.NativeMethodAccessorImpl.invoke0(Native Method)
	at sun.reflect.NativeMethodAccessorImpl.invoke(NativeMethodAccessorImpl.java:62)
	at sun.reflect.DelegatingMethodAccessorImpl.invoke(DelegatingMethodAccessorImpl.java:43)
	at java.lang.reflect.Method.invoke(Method.java:498)
	at org.junit.runners.model.FrameworkMethod$1.runReflectiveCall(FrameworkMethod.java:47)
	at org.junit.internal.runners.model.ReflectiveCallable.run(ReflectiveCallable.java:12)
	at org.junit.runners.model.FrameworkMethod.invokeExplosively(FrameworkMethod.java:44)
	at org.junit.internal.runners.statements.InvokeMethod.evaluate(InvokeMethod.java:17)
	at org.junit.runners.ParentRunner.runLeaf(ParentRunner.java:271)
	at org.junit.runners.BlockJUnit4ClassRunner.runChild(BlockJUnit4ClassRunner.java:70)
	at org.junit.runners.BlockJUnit4ClassRunner.runChild(BlockJUnit4ClassRunner.java:50)
	at org.junit.runners.ParentRunner$3.run(ParentRunner.java:238)
	at org.junit.runners.ParentRunner$1.schedule(ParentRunner.java:63)
	at org.junit.runners.ParentRunner.runChildren(ParentRunner.java:236)
	at org.junit.runners.ParentRunner.access$000(ParentRunner.java:53)
	at org.junit.runners.ParentRunner$2.evaluate(ParentRunner.java:229)
	at org.junit.runners.ParentRunner.run(ParentRunner.java:309)
	at org.apache.maven.surefire.junit4.JUnit4Provider.execute(JUnit4Provider.java:252)
	at org.apache.maven.surefire.junit4.JUnit4Provider.executeTestSet(JUnit4Provider.java:141)
	at org.apache.maven.surefire.junit4.JUnit4Provider.invoke(JUnit4Provider.java:112)
	at sun.reflect.NativeMethodAccessorImpl.invoke0(Native Method)
	at sun.reflect.NativeMethodAccessorImpl.invoke(NativeMethodAccessorImpl.java:62)
	at sun.reflect.DelegatingMethodAccessorImpl.invoke(DelegatingMethodAccessorImpl.java:43)
	at java.lang.reflect.Method.invoke(Method.java:498)
	at org.apache.maven.surefire.util.ReflectionUtils.invokeMethodWithArray(ReflectionUtils.java:189)
	at org.apache.maven.surefire.booter.ProviderFactory$ProviderProxy.invoke(ProviderFactory.java:165)
	at org.apache.maven.surefire.booter.ProviderFactory.invokeProvider(ProviderFactory.java:85)
	at org.apache.maven.surefire.booter.ForkedBooter.runSuitesInProcess(ForkedBooter.java:115)
	at org.apache.maven.surefire.booter.ForkedBooter.main(ForkedBooter.java:75)

testMyClassName(org.zeroturnaround.exec.test.ProcessExecutorLoggerTest)  Time elapsed: 0 sec  <<< FAILURE!
org.junit.ComparisonFailure: expected:<[org.zeroturnaround.exec.test.ProcessExecutorLoggerTest]> but was:<[NOP]>
	at org.junit.Assert.assertEquals(Assert.java:115)
	at org.junit.Assert.assertEquals(Assert.java:144)
	at org.zeroturnaround.exec.test.ProcessExecutorLoggerTest.testSlf4jLoggerName(ProcessExecutorLoggerTest.java:64)
	at org.zeroturnaround.exec.test.ProcessExecutorLoggerTest.testMyClassName(ProcessExecutorLoggerTest.java:55)
	at sun.reflect.NativeMethodAccessorImpl.invoke0(Native Method)
	at sun.reflect.NativeMethodAccessorImpl.invoke(NativeMethodAccessorImpl.java:62)
	at sun.reflect.DelegatingMethodAccessorImpl.invoke(DelegatingMethodAccessorImpl.java:43)
	at java.lang.reflect.Method.invoke(Method.java:498)
	at org.junit.runners.model.FrameworkMethod$1.runReflectiveCall(FrameworkMethod.java:47)
	at org.junit.internal.runners.model.ReflectiveCallable.run(ReflectiveCallable.java:12)
	at org.junit.runners.model.FrameworkMethod.invokeExplosively(FrameworkMethod.java:44)
	at org.junit.internal.runners.statements.InvokeMethod.evaluate(InvokeMethod.java:17)
	at org.junit.runners.ParentRunner.runLeaf(ParentRunner.java:271)
	at org.junit.runners.BlockJUnit4ClassRunner.runChild(BlockJUnit4ClassRunner.java:70)
	at org.junit.runners.BlockJUnit4ClassRunner.runChild(BlockJUnit4ClassRunner.java:50)
	at org.junit.runners.ParentRunner$3.run(ParentRunner.java:238)
	at org.junit.runners.ParentRunner$1.schedule(ParentRunner.java:63)
	at org.junit.runners.ParentRunner.runChildren(ParentRunner.java:236)
	at org.junit.runners.ParentRunner.access$000(ParentRunner.java:53)
	at org.junit.runners.ParentRunner$2.evaluate(ParentRunner.java:229)
	at org.junit.runners.ParentRunner.run(ParentRunner.java:309)
	at org.apache.maven.surefire.junit4.JUnit4Provider.execute(JUnit4Provider.java:252)
	at org.apache.maven.surefire.junit4.JUnit4Provider.executeTestSet(JUnit4Provider.java:141)
	at org.apache.maven.surefire.junit4.JUnit4Provider.invoke(JUnit4Provider.java:112)
	at sun.reflect.NativeMethodAccessorImpl.invoke0(Native Method)
	at sun.reflect.NativeMethodAccessorImpl.invoke(NativeMethodAccessorImpl.java:62)
	at sun.reflect.DelegatingMethodAccessorImpl.invoke(DelegatingMethodAccessorImpl.java:43)
	at java.lang.reflect.Method.invoke(Method.java:498)
	at org.apache.maven.surefire.util.ReflectionUtils.invokeMethodWithArray(ReflectionUtils.java:189)
	at org.apache.maven.surefire.booter.ProviderFactory$ProviderProxy.invoke(ProviderFactory.java:165)
	at org.apache.maven.surefire.booter.ProviderFactory.invokeProvider(ProviderFactory.java:85)
	at org.apache.maven.surefire.booter.ForkedBooter.runSuitesInProcess(ForkedBooter.java:115)
	at org.apache.maven.surefire.booter.ForkedBooter.main(ForkedBooter.java:75)

testFullName(org.zeroturnaround.exec.test.ProcessExecutorLoggerTest)  Time elapsed: 0 sec  <<< FAILURE!
org.junit.ComparisonFailure: expected:<[my.full.Logger]> but was:<[NOP]>
	at org.junit.Assert.assertEquals(Assert.java:115)
	at org.junit.Assert.assertEquals(Assert.java:144)
	at org.zeroturnaround.exec.test.ProcessExecutorLoggerTest.testSlf4jLoggerName(ProcessExecutorLoggerTest.java:64)
	at org.zeroturnaround.exec.test.ProcessExecutorLoggerTest.testFullName(ProcessExecutorLoggerTest.java:35)
	at sun.reflect.NativeMethodAccessorImpl.invoke0(Native Method)
	at sun.reflect.NativeMethodAccessorImpl.invoke(NativeMethodAccessorImpl.java:62)
	at sun.reflect.DelegatingMethodAccessorImpl.invoke(DelegatingMethodAccessorImpl.java:43)
	at java.lang.reflect.Method.invoke(Method.java:498)
	at org.junit.runners.model.FrameworkMethod$1.runReflectiveCall(FrameworkMethod.java:47)
	at org.junit.internal.runners.model.ReflectiveCallable.run(ReflectiveCallable.java:12)
	at org.junit.runners.model.FrameworkMethod.invokeExplosively(FrameworkMethod.java:44)
	at org.junit.internal.runners.statements.InvokeMethod.evaluate(InvokeMethod.java:17)
	at org.junit.runners.ParentRunner.runLeaf(ParentRunner.java:271)
	at org.junit.runners.BlockJUnit4ClassRunner.runChild(BlockJUnit4ClassRunner.java:70)
	at org.junit.runners.BlockJUnit4ClassRunner.runChild(BlockJUnit4ClassRunner.java:50)
	at org.junit.runners.ParentRunner$3.run(ParentRunner.java:238)
	at org.junit.runners.ParentRunner$1.schedule(ParentRunner.java:63)
	at org.junit.runners.ParentRunner.runChildren(ParentRunner.java:236)
	at org.junit.runners.ParentRunner.access$000(ParentRunner.java:53)
	at org.junit.runners.ParentRunner$2.evaluate(ParentRunner.java:229)
	at org.junit.runners.ParentRunner.run(ParentRunner.java:309)
	at org.apache.maven.surefire.junit4.JUnit4Provider.execute(JUnit4Provider.java:252)
	at org.apache.maven.surefire.junit4.JUnit4Provider.executeTestSet(JUnit4Provider.java:141)
	at org.apache.maven.surefire.junit4.JUnit4Provider.invoke(JUnit4Provider.java:112)
	at sun.reflect.NativeMethodAccessorImpl.invoke0(Native Method)
	at sun.reflect.NativeMethodAccessorImpl.invoke(NativeMethodAccessorImpl.java:62)
	at sun.reflect.DelegatingMethodAccessorImpl.invoke(DelegatingMethodAccessorImpl.java:43)
	at java.lang.reflect.Method.invoke(Method.java:498)
	at org.apache.maven.surefire.util.ReflectionUtils.invokeMethodWithArray(ReflectionUtils.java:189)
	at org.apache.maven.surefire.booter.ProviderFactory$ProviderProxy.invoke(ProviderFactory.java:165)
	at org.apache.maven.surefire.booter.ProviderFactory.invokeProvider(ProviderFactory.java:85)
	at org.apache.maven.surefire.booter.ForkedBooter.runSuitesInProcess(ForkedBooter.java:115)
	at org.apache.maven.surefire.booter.ForkedBooter.main(ForkedBooter.java:75)

Running org.zeroturnaround.exec.test.ProcessInitExceptionTest
Tests run: 3, Failures: 0, Errors: 0, Skipped: 0, Time elapsed: 0 sec
Running org.zeroturnaround.exec.test.ProcessExecutorInputStreamTest
Tests run: 3, Failures: 0, Errors: 0, Skipped: 0, Time elapsed: 0.151 sec
Running org.zeroturnaround.exec.test.ProcessListenerThrowTest
Tests run: 2, Failures: 2, Errors: 0, Skipped: 0, Time elapsed: 0.083 sec <<< FAILURE!
testJavaVersion(org.zeroturnaround.exec.test.ProcessListenerThrowTest)  Time elapsed: 0.041 sec  <<< FAILURE!
java.lang.AssertionError: Expected exception: org.zeroturnaround.exec.InvalidOutputException
	at org.junit.internal.runners.statements.ExpectException.evaluate(ExpectException.java:32)
	at org.junit.runners.ParentRunner.runLeaf(ParentRunner.java:271)
	at org.junit.runners.BlockJUnit4ClassRunner.runChild(BlockJUnit4ClassRunner.java:70)
	at org.junit.runners.BlockJUnit4ClassRunner.runChild(BlockJUnit4ClassRunner.java:50)
	at org.junit.runners.ParentRunner$3.run(ParentRunner.java:238)
	at org.junit.runners.ParentRunner$1.schedule(ParentRunner.java:63)
	at org.junit.runners.ParentRunner.runChildren(ParentRunner.java:236)
	at org.junit.runners.ParentRunner.access$000(ParentRunner.java:53)
	at org.junit.runners.ParentRunner$2.evaluate(ParentRunner.java:229)
	at org.junit.runners.ParentRunner.run(ParentRunner.java:309)
	at org.apache.maven.surefire.junit4.JUnit4Provider.execute(JUnit4Provider.java:252)
	at org.apache.maven.surefire.junit4.JUnit4Provider.executeTestSet(JUnit4Provider.java:141)
	at org.apache.maven.surefire.junit4.JUnit4Provider.invoke(JUnit4Provider.java:112)
	at sun.reflect.NativeMethodAccessorImpl.invoke0(Native Method)
	at sun.reflect.NativeMethodAccessorImpl.invoke(NativeMethodAccessorImpl.java:62)
	at sun.reflect.DelegatingMethodAccessorImpl.invoke(DelegatingMethodAccessorImpl.java:43)
	at java.lang.reflect.Method.invoke(Method.java:498)
	at org.apache.maven.surefire.util.ReflectionUtils.invokeMethodWithArray(ReflectionUtils.java:189)
	at org.apache.maven.surefire.booter.ProviderFactory$ProviderProxy.invoke(ProviderFactory.java:165)
	at org.apache.maven.surefire.booter.ProviderFactory.invokeProvider(ProviderFactory.java:85)
	at org.apache.maven.surefire.booter.ForkedBooter.runSuitesInProcess(ForkedBooter.java:115)
	at org.apache.maven.surefire.booter.ForkedBooter.main(ForkedBooter.java:75)

testJavaVersionWithTimeout(org.zeroturnaround.exec.test.ProcessListenerThrowTest)  Time elapsed: 0.041 sec  <<< FAILURE!
java.lang.AssertionError: Expected exception: org.zeroturnaround.exec.InvalidOutputException
	at org.junit.internal.runners.statements.ExpectException.evaluate(ExpectException.java:32)
	at org.junit.runners.ParentRunner.runLeaf(ParentRunner.java:271)
	at org.junit.runners.BlockJUnit4ClassRunner.runChild(BlockJUnit4ClassRunner.java:70)
	at org.junit.runners.BlockJUnit4ClassRunner.runChild(BlockJUnit4ClassRunner.java:50)
	at org.junit.runners.ParentRunner$3.run(ParentRunner.java:238)
	at org.junit.runners.ParentRunner$1.schedule(ParentRunner.java:63)
	at org.junit.runners.ParentRunner.runChildren(ParentRunner.java:236)
	at org.junit.runners.ParentRunner.access$000(ParentRunner.java:53)
	at org.junit.runners.ParentRunner$2.evaluate(ParentRunner.java:229)
	at org.junit.runners.ParentRunner.run(ParentRunner.java:309)
	at org.apache.maven.surefire.junit4.JUnit4Provider.execute(JUnit4Provider.java:252)
	at org.apache.maven.surefire.junit4.JUnit4Provider.executeTestSet(JUnit4Provider.java:141)
	at org.apache.maven.surefire.junit4.JUnit4Provider.invoke(JUnit4Provider.java:112)
	at sun.reflect.NativeMethodAccessorImpl.invoke0(Native Method)
	at sun.reflect.NativeMethodAccessorImpl.invoke(NativeMethodAccessorImpl.java:62)
	at sun.reflect.DelegatingMethodAccessorImpl.invoke(DelegatingMethodAccessorImpl.java:43)
	at java.lang.reflect.Method.invoke(Method.java:498)
	at org.apache.maven.surefire.util.ReflectionUtils.invokeMethodWithArray(ReflectionUtils.java:189)
	at org.apache.maven.surefire.booter.ProviderFactory$ProviderProxy.invoke(ProviderFactory.java:165)
	at org.apache.maven.surefire.booter.ProviderFactory.invokeProvider(ProviderFactory.java:85)
	at org.apache.maven.surefire.booter.ForkedBooter.runSuitesInProcess(ForkedBooter.java:115)
	at org.apache.maven.surefire.booter.ForkedBooter.main(ForkedBooter.java:75)

Running org.zeroturnaround.exec.test.ProcessExecutorArgsWithExtraSpaceTest
Tests run: 1, Failures: 0, Errors: 0, Skipped: 0, Time elapsed: 0.051 sec
Running org.zeroturnaround.exec.test.ProcessExecutorHelloWorldTest
Tests run: 11, Failures: 0, Errors: 0, Skipped: 0, Time elapsed: 0.764 sec
Running org.zeroturnaround.exec.test.shutdown.ProcessExecutorShutdownHookTest
Tests run: 2, Failures: 0, Errors: 0, Skipped: 0, Time elapsed: 6.279 sec
Running org.zeroturnaround.exec.test.ProcessExecutorStreamCloseTest
Tests run: 2, Failures: 0, Errors: 0, Skipped: 0, Time elapsed: 0.12 sec
Running org.zeroturnaround.exec.test.InputRedirectTest
Tests run: 1, Failures: 0, Errors: 0, Skipped: 0, Time elapsed: 0.002 sec
Running org.zeroturnaround.exec.test.ProcessExecutorTimeoutTest
Tests run: 2, Failures: 0, Errors: 0, Skipped: 0, Time elapsed: 2.018 sec
Running org.zeroturnaround.exec.test.ProcessListenerSuccessTest
Tests run: 1, Failures: 0, Errors: 0, Skipped: 0, Time elapsed: 0.045 sec
Running org.zeroturnaround.exec.test.LogOutputStreamTest
Tests run: 9, Failures: 0, Errors: 0, Skipped: 0, Time elapsed: 0.005 sec
Running org.zeroturnaround.exec.test.CallerLoggerUtilTest
Tests run: 3, Failures: 0, Errors: 0, Skipped: 0, Time elapsed: 0.002 sec
Running org.zeroturnaround.exec.test.ProcessExecutorBigOutputTest
Tests run: 6, Failures: 0, Errors: 0, Skipped: 0, Time elapsed: 1.457 sec
Running org.zeroturnaround.exec.test.ProcessExecutorExitValueTest
Tests run: 4, Failures: 0, Errors: 0, Skipped: 0, Time elapsed: 0.188 sec
Running org.zeroturnaround.exec.test.ProcessExecutorMainTest
Tests run: 18, Failures: 0, Errors: 0, Skipped: 0, Time elapsed: 0.686 sec
Running org.zeroturnaround.exec.test.ProcessExecutorCommandLineTest
Tests run: 5, Failures: 0, Errors: 0, Skipped: 0, Time elapsed: 0.265 sec
Running org.zeroturnaround.exec.test.InputStreamPumperTest
Tests run: 2, Failures: 0, Errors: 0, Skipped: 0, Time elapsed: 0.107 sec
Running org.zeroturnaround.exec.ProcessOutputTest
Tests run: 10, Failures: 0, Errors: 0, Skipped: 0, Time elapsed: 0.005 sec

Results :

Failed tests:   testShortName(org.zeroturnaround.exec.test.ProcessExecutorLoggerTest): expected:<[org.zeroturnaround.exec.test.ProcessExecutorLoggerTest.MyLogger]> but was:<[NOP]>
  testClassNameWithShortName(org.zeroturnaround.exec.test.ProcessExecutorLoggerTest): expected:<[org.zeroturnaround.exec.test.ProcessExecutorLoggerTest.MyLogger]> but was:<[NOP]>
  testMyClassName(org.zeroturnaround.exec.test.ProcessExecutorLoggerTest): expected:<[org.zeroturnaround.exec.test.ProcessExecutorLoggerTest]> but was:<[NOP]>
  testFullName(org.zeroturnaround.exec.test.ProcessExecutorLoggerTest): expected:<[my.full.Logger]> but was:<[NOP]>
  testJavaVersion(org.zeroturnaround.exec.test.ProcessListenerThrowTest): Expected exception: org.zeroturnaround.exec.InvalidOutputException
  testJavaVersionWithTimeout(org.zeroturnaround.exec.test.ProcessListenerThrowTest): Expected exception: org.zeroturnaround.exec.InvalidOutputException

Tests run: 90, Failures: 6, Errors: 0, Skipped: 0

[[1;34mINFO[m] [1m------------------------------------------------------------------------[m
[[1;34mINFO[m] [1;31mBUILD FAILURE[m
[[1;34mINFO[m] [1m------------------------------------------------------------------------[m
[[1;34mINFO[m] Total time:  17.058 s
[[1;34mINFO[m] Finished at: 2021-01-27T16:42:50+08:00
[[1;34mINFO[m] [1m------------------------------------------------------------------------[m
[[1;31mERROR[m] Failed to execute goal [32morg.apache.maven.plugins:maven-surefire-plugin:2.12.4:test[m [1m(default-test)[m on project [36mzt-exec[m: [1;31mThere are test failures.[m
[[1;31mERROR[m] [1;31m[m
[[1;31mERROR[m] [1;31mPlease refer to /home/wuxh/Projects/lib-conflict/cases/zt-exec-up-logback/target/surefire-reports for the individual test results.[m
[[1;31mERROR[m] -> [1m[Help 1][m
[[1;31mERROR[m] 
[[1;31mERROR[m] To see the full stack trace of the errors, re-run Maven with the [1m-e[m switch.
[[1;31mERROR[m] Re-run Maven using the [1m-X[m switch to enable full debug logging.
[[1;31mERROR[m] 
[[1;31mERROR[m] For more information about the errors and possible solutions, please read the following articles:
[[1;31mERROR[m] [1m[Help 1][m http://cwiki.apache.org/confluence/display/MAVEN/MojoFailureException
