[[1;34mINFO[m] Scanning for projects...
[[1;34mINFO[m] Inspecting build with total of 8 modules...
[[1;34mINFO[m] Installing Nexus Staging features:
[[1;34mINFO[m]   ... total of 8 executions of maven-deploy-plugin replaced with nexus-staging-maven-plugin
[[1;34mINFO[m] [1m------------------------------------------------------------------------[m
[[1;34mINFO[m] [1mReactor Build Order:[m
[[1;34mINFO[m] 
[[1;34mINFO[m] chaos-monkey-spring-boot-parent                                    [pom]
[[1;34mINFO[m] chaos-monkey-dependencies                                          [pom]
[[1;34mINFO[m] Chaos Monkey for Spring Boot                                       [jar]
[[1;34mINFO[m] chaos-monkey-demo-app                                              [jar]
[[1;34mINFO[m] chaos-monkey-web-reactive-app                                      [jar]
[[1;34mINFO[m] chaos-monkey-demo-app-naked                                        [jar]
[[1;34mINFO[m] chaos-monkey-demo-app-ext-jar                                      [jar]
[[1;34mINFO[m] chaos-monkey-docs                                                  [jar]
[[1;34mINFO[m] 
[[1;34mINFO[m] [1m-----------< [0;36mde.codecentric:chaos-monkey-spring-boot-parent[0;1m >-----------[m
[[1;34mINFO[m] [1mBuilding chaos-monkey-spring-boot-parent 2.1.0                     [1/8][m
[[1;34mINFO[m] [1m--------------------------------[ pom ]---------------------------------[m
[[1;34mINFO[m] 
[[1;34mINFO[m] [1m--- [0;32mjacoco-maven-plugin:0.8.2:prepare-agent[m [1m(default)[m @ [36mchaos-monkey-spring-boot-parent[0;1m ---[m
Downloading from central: https://repo.maven.apache.org/maven2/org/jacoco/org.jacoco.agent/0.8.2/org.jacoco.agent-0.8.2.pom
Progress (1): 2.7/3.5 kBProgress (1): 3.5 kB                        Downloaded from central: https://repo.maven.apache.org/maven2/org/jacoco/org.jacoco.agent/0.8.2/org.jacoco.agent-0.8.2.pom (3.5 kB at 2.9 kB/s)
Downloading from central: https://repo.maven.apache.org/maven2/org/jacoco/org.jacoco.core/0.8.2/org.jacoco.core-0.8.2.pom
Progress (1): 2.1 kB                    Downloaded from central: https://repo.maven.apache.org/maven2/org/jacoco/org.jacoco.core/0.8.2/org.jacoco.core-0.8.2.pom (2.1 kB at 5.2 kB/s)
Downloading from central: https://repo.maven.apache.org/maven2/org/ow2/asm/asm/6.2.1/asm-6.2.1.pom
Progress (1): 2.7/2.9 kBProgress (1): 2.9 kB                        Downloaded from central: https://repo.maven.apache.org/maven2/org/ow2/asm/asm/6.2.1/asm-6.2.1.pom (2.9 kB at 7.3 kB/s)
Downloading from central: https://repo.maven.apache.org/maven2/org/ow2/asm/asm-commons/6.2.1/asm-commons-6.2.1.pom
Progress (1): 2.7/3.7 kBProgress (1): 3.7 kB                        Downloaded from central: https://repo.maven.apache.org/maven2/org/ow2/asm/asm-commons/6.2.1/asm-commons-6.2.1.pom (3.7 kB at 9.1 kB/s)
Downloading from central: https://repo.maven.apache.org/maven2/org/ow2/asm/asm-tree/6.2.1/asm-tree-6.2.1.pom
Progress (1): 2.7/3.1 kBProgress (1): 3.1 kB                        Downloaded from central: https://repo.maven.apache.org/maven2/org/ow2/asm/asm-tree/6.2.1/asm-tree-6.2.1.pom (3.1 kB at 7.6 kB/s)
Downloading from central: https://repo.maven.apache.org/maven2/org/ow2/asm/asm-analysis/6.2.1/asm-analysis-6.2.1.pom
Progress (1): 2.7/3.2 kBProgress (1): 3.2 kB                        Downloaded from central: https://repo.maven.apache.org/maven2/org/ow2/asm/asm-analysis/6.2.1/asm-analysis-6.2.1.pom (3.2 kB at 7.9 kB/s)
Downloading from central: https://repo.maven.apache.org/maven2/org/jacoco/org.jacoco.report/0.8.2/org.jacoco.report-0.8.2.pom
Progress (1): 1.9 kB                    Downloaded from central: https://repo.maven.apache.org/maven2/org/jacoco/org.jacoco.report/0.8.2/org.jacoco.report-0.8.2.pom (1.9 kB at 4.8 kB/s)
Downloading from central: https://repo.maven.apache.org/maven2/org/jacoco/org.jacoco.agent/0.8.2/org.jacoco.agent-0.8.2-runtime.jar
Downloading from central: https://repo.maven.apache.org/maven2/org/ow2/asm/asm-commons/6.2.1/asm-commons-6.2.1.jar
Downloading from central: https://repo.maven.apache.org/maven2/org/ow2/asm/asm/6.2.1/asm-6.2.1.jar
Downloading from central: https://repo.maven.apache.org/maven2/org/jacoco/org.jacoco.core/0.8.2/org.jacoco.core-0.8.2.jar
Downloading from central: https://repo.maven.apache.org/maven2/org/ow2/asm/asm-analysis/6.2.1/asm-analysis-6.2.1.jar
Progress (1): 2.7/113 kBProgress (1): 5.5/113 kBProgress (1): 8.2/113 kBProgress (1): 11/113 kB Progress (1): 14/113 kBProgress (1): 16/113 kBProgress (1): 19/113 kBProgress (1): 22/113 kBProgress (1): 25/113 kBProgress (1): 27/113 kBProgress (1): 30/113 kBProgress (1): 33/113 kBProgress (1): 36/113 kBProgress (1): 38/113 kBProgress (1): 41/113 kBProgress (1): 44/113 kBProgress (1): 47/113 kBProgress (1): 49/113 kBProgress (1): 52/113 kBProgress (1): 55/113 kBProgress (1): 58/113 kBProgress (1): 60/113 kBProgress (1): 63/113 kBProgress (1): 66/113 kBProgress (1): 69/113 kBProgress (1): 71/113 kBProgress (1): 74/113 kBProgress (1): 77/113 kBProgress (1): 80/113 kBProgress (1): 82/113 kBProgress (1): 85/113 kBProgress (1): 88/113 kBProgress (1): 90/113 kBProgress (1): 93/113 kBProgress (1): 96/113 kBProgress (1): 99/113 kBProgress (1): 101/113 kBProgress (2): 101/113 kB | 2.7/175 kBProgress (2): 101/113 kB | 5.5/175 kBProgress (2): 101/113 kB | 8.2/175 kBProgress (2): 101/113 kB | 11/175 kB Progress (2): 101/113 kB | 14/175 kBProgress (2): 101/113 kB | 16/175 kBProgress (2): 101/113 kB | 19/175 kBProgress (2): 101/113 kB | 22/175 kBProgress (2): 101/113 kB | 25/175 kBProgress (2): 101/113 kB | 27/175 kBProgress (2): 101/113 kB | 30/175 kBProgress (2): 104/113 kB | 30/175 kBProgress (2): 107/113 kB | 30/175 kBProgress (2): 110/113 kB | 30/175 kBProgress (2): 112/113 kB | 30/175 kBProgress (2): 112/113 kB | 33/175 kBProgress (2): 113 kB | 33/175 kB    Progress (3): 113 kB | 33/175 kB | 2.7/79 kBProgress (4): 113 kB | 33/175 kB | 2.7/79 kB | 2.7/33 kBProgress (4): 113 kB | 33/175 kB | 5.5/79 kB | 2.7/33 kBProgress (4): 113 kB | 33/175 kB | 5.5/79 kB | 5.5/33 kBProgress (4): 113 kB | 33/175 kB | 8.2/79 kB | 5.5/33 kBProgress (4): 113 kB | 33/175 kB | 8.2/79 kB | 8.2/33 kBProgress (4): 113 kB | 33/175 kB | 11/79 kB | 8.2/33 kB Progress (4): 113 kB | 33/175 kB | 11/79 kB | 11/33 kB Progress (5): 113 kB | 33/175 kB | 11/79 kB | 11/33 kB | 2.7/270 kBProgress (5): 113 kB | 36/175 kB | 11/79 kB | 11/33 kB | 2.7/270 kBProgress (5): 113 kB | 36/175 kB | 11/79 kB | 11/33 kB | 5.5/270 kBProgress (5): 113 kB | 36/175 kB | 11/79 kB | 14/33 kB | 5.5/270 kBProgress (5): 113 kB | 36/175 kB | 14/79 kB | 14/33 kB | 5.5/270 kBProgress (5): 113 kB | 36/175 kB | 14/79 kB | 16/33 kB | 5.5/270 kBProgress (5): 113 kB | 36/175 kB | 14/79 kB | 16/33 kB | 8.2/270 kBProgress (5): 113 kB | 38/175 kB | 14/79 kB | 16/33 kB | 8.2/270 kBProgress (5): 113 kB | 38/175 kB | 16/79 kB | 16/33 kB | 8.2/270 kBProgress (5): 113 kB | 38/175 kB | 16/79 kB | 16/33 kB | 11/270 kB Progress (5): 113 kB | 38/175 kB | 16/79 kB | 16/33 kB | 14/270 kBProgress (5): 113 kB | 38/175 kB | 16/79 kB | 19/33 kB | 14/270 kBProgress (5): 113 kB | 38/175 kB | 19/79 kB | 19/33 kB | 14/270 kBProgress (5): 113 kB | 38/175 kB | 19/79 kB | 19/33 kB | 16/270 kBProgress (5): 113 kB | 41/175 kB | 19/79 kB | 19/33 kB | 16/270 kBProgress (5): 113 kB | 41/175 kB | 19/79 kB | 19/33 kB | 19/270 kBProgress (5): 113 kB | 41/175 kB | 22/79 kB | 19/33 kB | 19/270 kBProgress (5): 113 kB | 41/175 kB | 22/79 kB | 22/33 kB | 19/270 kBProgress (5): 113 kB | 41/175 kB | 22/79 kB | 22/33 kB | 22/270 kBProgress (5): 113 kB | 41/175 kB | 25/79 kB | 22/33 kB | 22/270 kBProgress (5): 113 kB | 41/175 kB | 25/79 kB | 25/33 kB | 22/270 kBProgress (5): 113 kB | 41/175 kB | 25/79 kB | 25/33 kB | 25/270 kBProgress (5): 113 kB | 41/175 kB | 27/79 kB | 25/33 kB | 25/270 kBProgress (5): 113 kB | 41/175 kB | 27/79 kB | 27/33 kB | 25/270 kBProgress (5): 113 kB | 41/175 kB | 27/79 kB | 27/33 kB | 27/270 kBProgress (5): 113 kB | 41/175 kB | 30/79 kB | 27/33 kB | 27/270 kBProgress (5): 113 kB | 41/175 kB | 30/79 kB | 30/33 kB | 27/270 kBProgress (5): 113 kB | 41/175 kB | 30/79 kB | 30/33 kB | 30/270 kBProgress (5): 113 kB | 41/175 kB | 33/79 kB | 30/33 kB | 30/270 kBProgress (5): 113 kB | 41/175 kB | 33/79 kB | 33 kB | 30/270 kB   Progress (5): 113 kB | 41/175 kB | 33/79 kB | 33 kB | 33/270 kBProgress (5): 113 kB | 41/175 kB | 36/79 kB | 33 kB | 33/270 kBProgress (5): 113 kB | 41/175 kB | 36/79 kB | 33 kB | 36/270 kBProgress (5): 113 kB | 41/175 kB | 38/79 kB | 33 kB | 36/270 kBProgress (5): 113 kB | 41/175 kB | 38/79 kB | 33 kB | 38/270 kBProgress (5): 113 kB | 41/175 kB | 41/79 kB | 33 kB | 38/270 kBProgress (5): 113 kB | 41/175 kB | 41/79 kB | 33 kB | 41/270 kBProgress (5): 113 kB | 44/175 kB | 41/79 kB | 33 kB | 41/270 kBProgress (5): 113 kB | 47/175 kB | 41/79 kB | 33 kB | 41/270 kBProgress (5): 113 kB | 49/175 kB | 41/79 kB | 33 kB | 41/270 kBProgress (5): 113 kB | 52/175 kB | 41/79 kB | 33 kB | 41/270 kBProgress (5): 113 kB | 55/175 kB | 41/79 kB | 33 kB | 41/270 kBProgress (5): 113 kB | 58/175 kB | 41/79 kB | 33 kB | 41/270 kBProgress (5): 113 kB | 60/175 kB | 41/79 kB | 33 kB | 41/270 kBProgress (5): 113 kB | 63/175 kB | 41/79 kB | 33 kB | 41/270 kBProgress (5): 113 kB | 66/175 kB | 41/79 kB | 33 kB | 41/270 kBProgress (5): 113 kB | 69/175 kB | 41/79 kB | 33 kB | 41/270 kBProgress (5): 113 kB | 71/175 kB | 41/79 kB | 33 kB | 41/270 kBProgress (5): 113 kB | 74/175 kB | 41/79 kB | 33 kB | 41/270 kBProgress (5): 113 kB | 77/175 kB | 41/79 kB | 33 kB | 41/270 kBProgress (5): 113 kB | 80/175 kB | 41/79 kB | 33 kB | 41/270 kBProgress (5): 113 kB | 82/175 kB | 41/79 kB | 33 kB | 41/270 kBProgress (5): 113 kB | 85/175 kB | 41/79 kB | 33 kB | 41/270 kBProgress (5): 113 kB | 85/175 kB | 44/79 kB | 33 kB | 41/270 kBProgress (5): 113 kB | 85/175 kB | 47/79 kB | 33 kB | 41/270 kBProgress (5): 113 kB | 85/175 kB | 49/79 kB | 33 kB | 41/270 kBProgress (5): 113 kB | 85/175 kB | 52/79 kB | 33 kB | 41/270 kBProgress (5): 113 kB | 88/175 kB | 52/79 kB | 33 kB | 41/270 kBProgress (5): 113 kB | 88/175 kB | 55/79 kB | 33 kB | 41/270 kBProgress (5): 113 kB | 88/175 kB | 55/79 kB | 33 kB | 44/270 kBProgress (5): 113 kB | 88/175 kB | 55/79 kB | 33 kB | 47/270 kBProgress (5): 113 kB | 88/175 kB | 55/79 kB | 33 kB | 49/270 kBProgress (5): 113 kB | 90/175 kB | 55/79 kB | 33 kB | 49/270 kBProgress (5): 113 kB | 90/175 kB | 55/79 kB | 33 kB | 52/270 kB                                                               Downloaded from central: https://repo.maven.apache.org/maven2/org/ow2/asm/asm/6.2.1/asm-6.2.1.jar (113 kB at 142 kB/s)
Progress (4): 90/175 kB | 58/79 kB | 33 kB | 52/270 kBProgress (4): 90/175 kB | 58/79 kB | 33 kB | 55/270 kBProgress (4): 93/175 kB | 58/79 kB | 33 kB | 55/270 kB                                                      Downloading from central: https://repo.maven.apache.org/maven2/org/ow2/asm/asm-tree/6.2.1/asm-tree-6.2.1.jar
Progress (4): 93/175 kB | 58/79 kB | 33 kB | 58/270 kBProgress (4): 96/175 kB | 58/79 kB | 33 kB | 58/270 kBProgress (4): 96/175 kB | 60/79 kB | 33 kB | 58/270 kBProgress (4): 96/175 kB | 60/79 kB | 33 kB | 60/270 kBProgress (4): 99/175 kB | 60/79 kB | 33 kB | 60/270 kBProgress (4): 101/175 kB | 60/79 kB | 33 kB | 60/270 kBProgress (4): 101/175 kB | 63/79 kB | 33 kB | 60/270 kBProgress (4): 104/175 kB | 63/79 kB | 33 kB | 60/270 kBProgress (4): 104/175 kB | 63/79 kB | 33 kB | 63/270 kBProgress (4): 104/175 kB | 63/79 kB | 33 kB | 66/270 kBProgress (4): 104/175 kB | 66/79 kB | 33 kB | 66/270 kBProgress (4): 104/175 kB | 66/79 kB | 33 kB | 69/270 kBProgress (4): 104/175 kB | 69/79 kB | 33 kB | 69/270 kBProgress (4): 104/175 kB | 71/79 kB | 33 kB | 69/270 kBProgress (4): 104/175 kB | 71/79 kB | 33 kB | 71/270 kBProgress (4): 104/175 kB | 74/79 kB | 33 kB | 71/270 kBProgress (4): 104/175 kB | 74/79 kB | 33 kB | 74/270 kBProgress (4): 104/175 kB | 77/79 kB | 33 kB | 74/270 kBProgress (4): 104/175 kB | 77/79 kB | 33 kB | 77/270 kBProgress (4): 104/175 kB | 79 kB | 33 kB | 77/270 kB   Progress (4): 104/175 kB | 79 kB | 33 kB | 80/270 kBProgress (4): 104/175 kB | 79 kB | 33 kB | 82/270 kBProgress (4): 104/175 kB | 79 kB | 33 kB | 85/270 kB                                                    Downloaded from central: https://repo.maven.apache.org/maven2/org/ow2/asm/asm-analysis/6.2.1/asm-analysis-6.2.1.jar (33 kB at 39 kB/s)
Downloading from central: https://repo.maven.apache.org/maven2/org/jacoco/org.jacoco.report/0.8.2/org.jacoco.report-0.8.2.jar
Progress (3): 104/175 kB | 79 kB | 88/270 kBProgress (3): 104/175 kB | 79 kB | 90/270 kBProgress (3): 104/175 kB | 79 kB | 93/270 kBProgress (3): 104/175 kB | 79 kB | 96/270 kBProgress (3): 104/175 kB | 79 kB | 99/270 kBProgress (3): 104/175 kB | 79 kB | 101/270 kBProgress (3): 104/175 kB | 79 kB | 104/270 kBProgress (3): 107/175 kB | 79 kB | 104/270 kBProgress (3): 110/175 kB | 79 kB | 104/270 kBProgress (3): 112/175 kB | 79 kB | 104/270 kBProgress (3): 115/175 kB | 79 kB | 104/270 kBProgress (3): 118/175 kB | 79 kB | 104/270 kBProgress (3): 121/175 kB | 79 kB | 104/270 kBProgress (3): 123/175 kB | 79 kB | 104/270 kBProgress (3): 126/175 kB | 79 kB | 104/270 kBProgress (3): 129/175 kB | 79 kB | 104/270 kBProgress (3): 132/175 kB | 79 kB | 104/270 kBProgress (3): 134/175 kB | 79 kB | 104/270 kBProgress (3): 137/175 kB | 79 kB | 104/270 kBProgress (3): 140/175 kB | 79 kB | 104/270 kBProgress (3): 143/175 kB | 79 kB | 104/270 kBProgress (3): 145/175 kB | 79 kB | 104/270 kBProgress (3): 148/175 kB | 79 kB | 104/270 kBProgress (3): 151/175 kB | 79 kB | 104/270 kBProgress (3): 154/175 kB | 79 kB | 104/270 kBProgress (3): 156/175 kB | 79 kB | 104/270 kBProgress (3): 159/175 kB | 79 kB | 104/270 kBProgress (3): 162/175 kB | 79 kB | 104/270 kBProgress (3): 165/175 kB | 79 kB | 104/270 kBProgress (3): 167/175 kB | 79 kB | 104/270 kBProgress (3): 170/175 kB | 79 kB | 104/270 kBProgress (3): 173/175 kB | 79 kB | 104/270 kBProgress (3): 175 kB | 79 kB | 104/270 kB    Progress (3): 175 kB | 79 kB | 107/270 kBProgress (3): 175 kB | 79 kB | 110/270 kBProgress (3): 175 kB | 79 kB | 112/270 kBProgress (3): 175 kB | 79 kB | 115/270 kBProgress (3): 175 kB | 79 kB | 118/270 kBProgress (4): 175 kB | 79 kB | 118/270 kB | 2.7/50 kBProgress (4): 175 kB | 79 kB | 121/270 kB | 2.7/50 kBProgress (4): 175 kB | 79 kB | 121/270 kB | 5.5/50 kBProgress (4): 175 kB | 79 kB | 123/270 kB | 5.5/50 kBProgress (4): 175 kB | 79 kB | 123/270 kB | 8.2/50 kBProgress (4): 175 kB | 79 kB | 126/270 kB | 8.2/50 kBProgress (4): 175 kB | 79 kB | 126/270 kB | 11/50 kB Progress (4): 175 kB | 79 kB | 129/270 kB | 11/50 kBProgress (4): 175 kB | 79 kB | 129/270 kB | 14/50 kBProgress (4): 175 kB | 79 kB | 129/270 kB | 16/50 kBProgress (4): 175 kB | 79 kB | 132/270 kB | 16/50 kBProgress (4): 175 kB | 79 kB | 132/270 kB | 19/50 kBProgress (4): 175 kB | 79 kB | 132/270 kB | 22/50 kBProgress (4): 175 kB | 79 kB | 134/270 kB | 22/50 kBProgress (4): 175 kB | 79 kB | 134/270 kB | 25/50 kBProgress (4): 175 kB | 79 kB | 134/270 kB | 27/50 kBProgress (4): 175 kB | 79 kB | 137/270 kB | 27/50 kBProgress (4): 175 kB | 79 kB | 137/270 kB | 30/50 kBProgress (4): 175 kB | 79 kB | 140/270 kB | 30/50 kBProgress (4): 175 kB | 79 kB | 140/270 kB | 33/50 kBProgress (4): 175 kB | 79 kB | 143/270 kB | 33/50 kBProgress (4): 175 kB | 79 kB | 143/270 kB | 36/50 kBProgress (4): 175 kB | 79 kB | 145/270 kB | 36/50 kBProgress (4): 175 kB | 79 kB | 145/270 kB | 38/50 kBProgress (4): 175 kB | 79 kB | 148/270 kB | 38/50 kBProgress (4): 175 kB | 79 kB | 148/270 kB | 41/50 kB                                                    Downloaded from central: https://repo.maven.apache.org/maven2/org/ow2/asm/asm-commons/6.2.1/asm-commons-6.2.1.jar (79 kB at 77 kB/s)
Progress (3): 175 kB | 151/270 kB | 41/50 kBProgress (3): 175 kB | 151/270 kB | 44/50 kBProgress (3): 175 kB | 154/270 kB | 44/50 kBProgress (3): 175 kB | 154/270 kB | 47/50 kBProgress (3): 175 kB | 156/270 kB | 47/50 kBProgress (3): 175 kB | 156/270 kB | 49/50 kBProgress (3): 175 kB | 156/270 kB | 50 kB   Progress (3): 175 kB | 159/270 kB | 50 kBProgress (3): 175 kB | 162/270 kB | 50 kBProgress (3): 175 kB | 165/270 kB | 50 kBProgress (4): 175 kB | 165/270 kB | 50 kB | 2.7/128 kBProgress (4): 175 kB | 167/270 kB | 50 kB | 2.7/128 kBProgress (4): 175 kB | 170/270 kB | 50 kB | 2.7/128 kBProgress (4): 175 kB | 170/270 kB | 50 kB | 5.5/128 kBProgress (4): 175 kB | 173/270 kB | 50 kB | 5.5/128 kBProgress (4): 175 kB | 175/270 kB | 50 kB | 5.5/128 kBProgress (4): 175 kB | 175/270 kB | 50 kB | 8.2/128 kBProgress (4): 175 kB | 178/270 kB | 50 kB | 8.2/128 kBProgress (4): 175 kB | 181/270 kB | 50 kB | 8.2/128 kBProgress (4): 175 kB | 181/270 kB | 50 kB | 11/128 kB Progress (4): 175 kB | 184/270 kB | 50 kB | 11/128 kBProgress (4): 175 kB | 186/270 kB | 50 kB | 11/128 kBProgress (4): 175 kB | 189/270 kB | 50 kB | 11/128 kBProgress (4): 175 kB | 189/270 kB | 50 kB | 14/128 kBProgress (4): 175 kB | 189/270 kB | 50 kB | 16/128 kBProgress (4): 175 kB | 192/270 kB | 50 kB | 16/128 kBProgress (4): 175 kB | 195/270 kB | 50 kB | 16/128 kBProgress (4): 175 kB | 195/270 kB | 50 kB | 19/128 kBProgress (4): 175 kB | 197/270 kB | 50 kB | 19/128 kBProgress (4): 175 kB | 200/270 kB | 50 kB | 19/128 kBProgress (4): 175 kB | 200/270 kB | 50 kB | 22/128 kBProgress (4): 175 kB | 203/270 kB | 50 kB | 22/128 kBProgress (4): 175 kB | 206/270 kB | 50 kB | 22/128 kBProgress (4): 175 kB | 206/270 kB | 50 kB | 25/128 kBProgress (4): 175 kB | 208/270 kB | 50 kB | 25/128 kBProgress (4): 175 kB | 211/270 kB | 50 kB | 25/128 kBProgress (4): 175 kB | 211/270 kB | 50 kB | 27/128 kBProgress (4): 175 kB | 214/270 kB | 50 kB | 27/128 kBProgress (4): 175 kB | 217/270 kB | 50 kB | 27/128 kBProgress (4): 175 kB | 217/270 kB | 50 kB | 30/128 kBProgress (4): 175 kB | 219/270 kB | 50 kB | 30/128 kBProgress (4): 175 kB | 222/270 kB | 50 kB | 30/128 kBProgress (4): 175 kB | 222/270 kB | 50 kB | 33/128 kBProgress (4): 175 kB | 225/270 kB | 50 kB | 33/128 kBProgress (4): 175 kB | 228/270 kB | 50 kB | 33/128 kBProgress (4): 175 kB | 228/270 kB | 50 kB | 36/128 kBProgress (4): 175 kB | 230/270 kB | 50 kB | 36/128 kBProgress (4): 175 kB | 233/270 kB | 50 kB | 36/128 kBProgress (4): 175 kB | 233/270 kB | 50 kB | 38/128 kBProgress (4): 175 kB | 236/270 kB | 50 kB | 38/128 kBProgress (4): 175 kB | 239/270 kB | 50 kB | 38/128 kBProgress (4): 175 kB | 239/270 kB | 50 kB | 41/128 kBProgress (4): 175 kB | 241/270 kB | 50 kB | 41/128 kBProgress (4): 175 kB | 244/270 kB | 50 kB | 41/128 kBProgress (4): 175 kB | 247/270 kB | 50 kB | 41/128 kBProgress (4): 175 kB | 247/270 kB | 50 kB | 44/128 kBProgress (4): 175 kB | 247/270 kB | 50 kB | 47/128 kBProgress (4): 175 kB | 247/270 kB | 50 kB | 49/128 kBProgress (4): 175 kB | 247/270 kB | 50 kB | 52/128 kBProgress (4): 175 kB | 247/270 kB | 50 kB | 55/128 kBProgress (4): 175 kB | 247/270 kB | 50 kB | 58/128 kBProgress (4): 175 kB | 247/270 kB | 50 kB | 60/128 kB                                                     Downloaded from central: https://repo.maven.apache.org/maven2/org/jacoco/org.jacoco.core/0.8.2/org.jacoco.core-0.8.2.jar (175 kB at 152 kB/s)
Progress (3): 250/270 kB | 50 kB | 60/128 kBProgress (3): 252/270 kB | 50 kB | 60/128 kBProgress (3): 255/270 kB | 50 kB | 60/128 kBProgress (3): 258/270 kB | 50 kB | 60/128 kBProgress (3): 260/270 kB | 50 kB | 60/128 kBProgress (3): 263/270 kB | 50 kB | 60/128 kBProgress (3): 266/270 kB | 50 kB | 60/128 kBProgress (3): 269/270 kB | 50 kB | 60/128 kBProgress (3): 270 kB | 50 kB | 60/128 kB    Progress (3): 270 kB | 50 kB | 63/128 kBProgress (3): 270 kB | 50 kB | 66/128 kBProgress (3): 270 kB | 50 kB | 69/128 kB                                        Downloaded from central: https://repo.maven.apache.org/maven2/org/ow2/asm/asm-tree/6.2.1/asm-tree-6.2.1.jar (50 kB at 41 kB/s)
Progress (2): 270 kB | 71/128 kBProgress (2): 270 kB | 74/128 kBProgress (2): 270 kB | 77/128 kBProgress (2): 270 kB | 80/128 kBProgress (2): 270 kB | 82/128 kBProgress (2): 270 kB | 85/128 kBProgress (2): 270 kB | 88/128 kBProgress (2): 270 kB | 90/128 kBProgress (2): 270 kB | 93/128 kBProgress (2): 270 kB | 96/128 kBProgress (2): 270 kB | 99/128 kBProgress (2): 270 kB | 101/128 kBProgress (2): 270 kB | 104/128 kBProgress (2): 270 kB | 107/128 kBProgress (2): 270 kB | 110/128 kBProgress (2): 270 kB | 112/128 kBProgress (2): 270 kB | 115/128 kBProgress (2): 270 kB | 118/128 kBProgress (2): 270 kB | 121/128 kBProgress (2): 270 kB | 123/128 kBProgress (2): 270 kB | 126/128 kBProgress (2): 270 kB | 128 kB                                 Downloaded from central: https://repo.maven.apache.org/maven2/org/jacoco/org.jacoco.agent/0.8.2/org.jacoco.agent-0.8.2-runtime.jar (270 kB at 194 kB/s)
Downloaded from central: https://repo.maven.apache.org/maven2/org/jacoco/org.jacoco.report/0.8.2/org.jacoco.report-0.8.2.jar (128 kB at 85 kB/s)
[[1;34mINFO[m] argLine set to -javaagent:/home/wuxh/.m2/repository/org/jacoco/org.jacoco.agent/0.8.2/org.jacoco.agent-0.8.2-runtime.jar=destfile=/home/wuxh/Projects/lib-conflict/cases/chaos-monkey-spring-boot-run/target/jacoco.exec
[[1;34mINFO[m] 
[[1;34mINFO[m] [1m--- [0;32mflatten-maven-plugin:1.0.1:flatten[m [1m(flatten)[m @ [36mchaos-monkey-spring-boot-parent[0;1m ---[m
[[1;34mINFO[m] Generating flattened POM of project de.codecentric:chaos-monkey-spring-boot-parent:pom:2.1.0...
[[1;34mINFO[m] 
[[1;34mINFO[m] [1m--- [0;32mjacoco-maven-plugin:0.8.2:report[m [1m(report)[m @ [36mchaos-monkey-spring-boot-parent[0;1m ---[m
[[1;34mINFO[m] Skipping JaCoCo execution due to missing execution data file.
[[1;34mINFO[m] 
[[1;34mINFO[m] [1m--------------< [0;36mde.codecentric:chaos-monkey-dependencies[0;1m >--------------[m
[[1;34mINFO[m] [1mBuilding chaos-monkey-dependencies 2.1.0                           [2/8][m
[[1;34mINFO[m] [1m--------------------------------[ pom ]---------------------------------[m
[[1;34mINFO[m] 
[[1;34mINFO[m] [1m--- [0;32mjacoco-maven-plugin:0.8.2:prepare-agent[m [1m(default)[m @ [36mchaos-monkey-dependencies[0;1m ---[m
[[1;34mINFO[m] argLine set to -javaagent:/home/wuxh/.m2/repository/org/jacoco/org.jacoco.agent/0.8.2/org.jacoco.agent-0.8.2-runtime.jar=destfile=/home/wuxh/Projects/lib-conflict/cases/chaos-monkey-spring-boot-run/chaos-monkey-dependencies/target/jacoco.exec
[[1;34mINFO[m] 
[[1;34mINFO[m] [1m--- [0;32mflatten-maven-plugin:1.0.1:flatten[m [1m(flatten)[m @ [36mchaos-monkey-dependencies[0;1m ---[m
[[1;34mINFO[m] Generating flattened POM of project de.codecentric:chaos-monkey-dependencies:pom:2.1.0...
[[1;34mINFO[m] 
[[1;34mINFO[m] [1m--- [0;32mjacoco-maven-plugin:0.8.2:report[m [1m(report)[m @ [36mchaos-monkey-dependencies[0;1m ---[m
[[1;34mINFO[m] Skipping JaCoCo execution due to missing execution data file.
[[1;34mINFO[m] 
[[1;34mINFO[m] [1m--------------< [0;36mde.codecentric:chaos-monkey-spring-boot[0;1m >---------------[m
[[1;34mINFO[m] [1mBuilding Chaos Monkey for Spring Boot 2.1.0                        [3/8][m
[[1;34mINFO[m] [1m--------------------------------[ jar ]---------------------------------[m
Downloading from central: https://repo.maven.apache.org/maven2/org/slf4j/jcl-over-slf4j/2.0.0-alpha1/jcl-over-slf4j-2.0.0-alpha1.pom
Progress (1): 1.1 kB                    Downloaded from central: https://repo.maven.apache.org/maven2/org/slf4j/jcl-over-slf4j/2.0.0-alpha1/jcl-over-slf4j-2.0.0-alpha1.pom (1.1 kB at 2.7 kB/s)
Downloading from central: https://repo.maven.apache.org/maven2/org/slf4j/jcl-over-slf4j/2.0.0-alpha1/jcl-over-slf4j-2.0.0-alpha1.jar
Progress (1): 2.7/17 kBProgress (1): 5.5/17 kBProgress (1): 8.2/17 kBProgress (1): 11/17 kB Progress (1): 14/17 kBProgress (1): 16/17 kBProgress (1): 17 kB                      Downloaded from central: https://repo.maven.apache.org/maven2/org/slf4j/jcl-over-slf4j/2.0.0-alpha1/jcl-over-slf4j-2.0.0-alpha1.jar (17 kB at 43 kB/s)
[[1;34mINFO[m] 
[[1;34mINFO[m] [1m--- [0;32mjacoco-maven-plugin:0.8.2:prepare-agent[m [1m(default)[m @ [36mchaos-monkey-spring-boot[0;1m ---[m
[[1;34mINFO[m] argLine set to -javaagent:/home/wuxh/.m2/repository/org/jacoco/org.jacoco.agent/0.8.2/org.jacoco.agent-0.8.2-runtime.jar=destfile=/home/wuxh/Projects/lib-conflict/cases/chaos-monkey-spring-boot-run/chaos-monkey-spring-boot/target/jacoco.exec
[[1;34mINFO[m] 
[[1;34mINFO[m] [1m--- [0;32mmaven-resources-plugin:2.6:resources[m [1m(default-resources)[m @ [36mchaos-monkey-spring-boot[0;1m ---[m
[[1;34mINFO[m] Using 'UTF-8' encoding to copy filtered resources.
[[1;34mINFO[m] Copying 2 resources
[[1;34mINFO[m] 
[[1;34mINFO[m] [1m--- [0;32mflatten-maven-plugin:1.0.1:flatten[m [1m(flatten)[m @ [36mchaos-monkey-spring-boot[0;1m ---[m
[[1;34mINFO[m] Generating flattened POM of project de.codecentric:chaos-monkey-spring-boot:jar:2.1.0...
[[1;34mINFO[m] 
[[1;34mINFO[m] [1m--- [0;32mmaven-compiler-plugin:3.1:compile[m [1m(default-compile)[m @ [36mchaos-monkey-spring-boot[0;1m ---[m
[[1;34mINFO[m] Changes detected - recompiling the module!
[[1;34mINFO[m] Compiling 38 source files to /home/wuxh/Projects/lib-conflict/cases/chaos-monkey-spring-boot-run/chaos-monkey-spring-boot/target/classes
[[1;33mWARNING[m] /home/wuxh/Projects/lib-conflict/cases/chaos-monkey-spring-boot-run/chaos-monkey-spring-boot/src/main/java/de/codecentric/spring/boot/chaos/monkey/component/MetricEventPublisher.java: /home/wuxh/Projects/lib-conflict/cases/chaos-monkey-spring-boot-run/chaos-monkey-spring-boot/src/main/java/de/codecentric/spring/boot/chaos/monkey/component/MetricEventPublisher.java uses or overrides a deprecated API.
[[1;33mWARNING[m] /home/wuxh/Projects/lib-conflict/cases/chaos-monkey-spring-boot-run/chaos-monkey-spring-boot/src/main/java/de/codecentric/spring/boot/chaos/monkey/component/MetricEventPublisher.java: Recompile with -Xlint:deprecation for details.
[[1;34mINFO[m] 
[[1;34mINFO[m] [1m--- [0;32mmaven-resources-plugin:2.6:testResources[m [1m(default-testResources)[m @ [36mchaos-monkey-spring-boot[0;1m ---[m
[[1;34mINFO[m] Using 'UTF-8' encoding to copy filtered resources.
[[1;34mINFO[m] Copying 4 resources
[[1;34mINFO[m] 
[[1;34mINFO[m] [1m--- [0;32mmaven-compiler-plugin:3.1:testCompile[m [1m(default-testCompile)[m @ [36mchaos-monkey-spring-boot[0;1m ---[m
[[1;34mINFO[m] Changes detected - recompiling the module!
[[1;34mINFO[m] Compiling 27 source files to /home/wuxh/Projects/lib-conflict/cases/chaos-monkey-spring-boot-run/chaos-monkey-spring-boot/target/test-classes
[[1;33mWARNING[m] /home/wuxh/Projects/lib-conflict/cases/chaos-monkey-spring-boot-run/chaos-monkey-spring-boot/src/test/java/de/codecentric/spring/boot/chaos/monkey/ChaosDemoApplicationDefaultProfileTest.java: Some input files use unchecked or unsafe operations.
[[1;33mWARNING[m] /home/wuxh/Projects/lib-conflict/cases/chaos-monkey-spring-boot-run/chaos-monkey-spring-boot/src/test/java/de/codecentric/spring/boot/chaos/monkey/ChaosDemoApplicationDefaultProfileTest.java: Recompile with -Xlint:unchecked for details.
[[1;34mINFO[m] 
[[1;34mINFO[m] [1m--- [0;32mmaven-surefire-plugin:2.12.4:test[m [1m(default-test)[m @ [36mchaos-monkey-spring-boot[0;1m ---[m
[[1;34mINFO[m] Surefire report directory: /home/wuxh/Projects/lib-conflict/cases/chaos-monkey-spring-boot-run/chaos-monkey-spring-boot/target/surefire-reports

-------------------------------------------------------
 T E S T S
-------------------------------------------------------
Running de.codecentric.spring.boot.chaos.monkey.configuration.AssaultPropertiesLatencyRangeValidatorTest
Tests run: 3, Failures: 0, Errors: 0, Skipped: 0, Time elapsed: 0.062 sec
Running de.codecentric.spring.boot.chaos.monkey.configuration.ChaosMonkeyRequestScopeSettingsTest
Tests run: 5, Failures: 0, Errors: 0, Skipped: 0, Time elapsed: 0 sec
Running de.codecentric.spring.boot.chaos.monkey.ChaosDemoApplicationDefaultProfileTest
SLF4J: No SLF4J providers were found.
SLF4J: Defaulting to no-operation (NOP) logger implementation
SLF4J: See http://www.slf4j.org/codes.html#noProviders for further details.
SLF4J: Class path contains SLF4J bindings targeting slf4j-api versions prior to 1.8.
SLF4J: Ignoring binding found at [jar:file:/home/wuxh/.m2/repository/ch/qos/logback/logback-classic/1.2.3/logback-classic-1.2.3.jar!/org/slf4j/impl/StaticLoggerBinder.class]
SLF4J: See http://www.slf4j.org/codes.html#ignoredBindings for an explanation.

  .   ____          _            __ _ _
 /\\ / ___'_ __ _ _(_)_ __  __ _ \ \ \ \
( ( )\___ | '_ | '_| | '_ \/ _` | \ \ \ \
 \\/  ___)| |_)| | | | | || (_| |  ) ) ) )
  '  |____| .__|_| |_|_| |_\__, | / / / /
 =========|_|==============|___/=/_/_/_/
 :: Spring Boot ::        (v2.1.6.RELEASE)

Tests run: 5, Failures: 0, Errors: 0, Skipped: 0, Time elapsed: 7.067 sec
Running de.codecentric.spring.boot.chaos.monkey.assaults.ExceptionAssaultTest
Tests run: 6, Failures: 0, Errors: 0, Skipped: 0, Time elapsed: 0.01 sec
Running de.codecentric.spring.boot.chaos.monkey.assaults.LatencyAssaultTest
Tests run: 1, Failures: 0, Errors: 0, Skipped: 0, Time elapsed: 0.395 sec
Running de.codecentric.spring.boot.chaos.monkey.assaults.MemoryAssaultIntegrationTest

  .   ____          _            __ _ _
 /\\ / ___'_ __ _ _(_)_ __  __ _ \ \ \ \
( ( )\___ | '_ | '_| | '_ \/ _` | \ \ \ \
 \\/  ___)| |_)| | | | | || (_| |  ) ) ) )
  '  |____| .__|_| |_|_| |_\__, | / / / /
 =========|_|==============|___/=/_/_/_/
 :: Spring Boot ::        (v2.1.6.RELEASE)

Tests run: 4, Failures: 0, Errors: 0, Skipped: 0, Time elapsed: 10.508 sec
Running de.codecentric.spring.boot.chaos.monkey.assaults.KillAppAssaultTest
Tests run: 1, Failures: 0, Errors: 1, Skipped: 0, Time elapsed: 0.434 sec <<< FAILURE!
killsSpringBootApplication(de.codecentric.spring.boot.chaos.monkey.assaults.KillAppAssaultTest)  Time elapsed: 0.429 sec  <<< ERROR!
java.lang.ClassCastException: org.slf4j.helpers.NOPLogger cannot be cast to ch.qos.logback.classic.Logger
	at de.codecentric.spring.boot.chaos.monkey.assaults.KillAppAssaultTest.setUp(KillAppAssaultTest.java:51)
	at sun.reflect.NativeMethodAccessorImpl.invoke0(Native Method)
	at sun.reflect.NativeMethodAccessorImpl.invoke(NativeMethodAccessorImpl.java:62)
	at sun.reflect.DelegatingMethodAccessorImpl.invoke(DelegatingMethodAccessorImpl.java:43)
	at java.lang.reflect.Method.invoke(Method.java:498)
	at org.junit.runners.model.FrameworkMethod$1.runReflectiveCall(FrameworkMethod.java:50)
	at org.junit.internal.runners.model.ReflectiveCallable.run(ReflectiveCallable.java:12)
	at org.junit.runners.model.FrameworkMethod.invokeExplosively(FrameworkMethod.java:47)
	at org.junit.internal.runners.statements.RunBefores.evaluate(RunBefores.java:24)
	at org.mockito.internal.runners.DefaultInternalRunner$1$1.evaluate(DefaultInternalRunner.java:44)
	at org.junit.runners.ParentRunner.runLeaf(ParentRunner.java:325)
	at org.junit.runners.BlockJUnit4ClassRunner.runChild(BlockJUnit4ClassRunner.java:78)
	at org.junit.runners.BlockJUnit4ClassRunner.runChild(BlockJUnit4ClassRunner.java:57)
	at org.junit.runners.ParentRunner$3.run(ParentRunner.java:290)
	at org.junit.runners.ParentRunner$1.schedule(ParentRunner.java:71)
	at org.junit.runners.ParentRunner.runChildren(ParentRunner.java:288)
	at org.junit.runners.ParentRunner.access$000(ParentRunner.java:58)
	at org.junit.runners.ParentRunner$2.evaluate(ParentRunner.java:268)
	at org.junit.runners.ParentRunner.run(ParentRunner.java:363)
	at org.mockito.internal.runners.DefaultInternalRunner$1.run(DefaultInternalRunner.java:74)
	at org.mockito.internal.runners.DefaultInternalRunner.run(DefaultInternalRunner.java:80)
	at org.mockito.internal.runners.StrictRunner.run(StrictRunner.java:39)
	at org.mockito.junit.MockitoJUnitRunner.run(MockitoJUnitRunner.java:163)
	at org.apache.maven.surefire.junit4.JUnit4Provider.execute(JUnit4Provider.java:252)
	at org.apache.maven.surefire.junit4.JUnit4Provider.executeTestSet(JUnit4Provider.java:141)
	at org.apache.maven.surefire.junit4.JUnit4Provider.invoke(JUnit4Provider.java:112)
	at sun.reflect.NativeMethodAccessorImpl.invoke0(Native Method)
	at sun.reflect.NativeMethodAccessorImpl.invoke(NativeMethodAccessorImpl.java:62)
	at sun.reflect.DelegatingMethodAccessorImpl.invoke(DelegatingMethodAccessorImpl.java:43)
	at java.lang.reflect.Method.invoke(Method.java:498)
	at org.apache.maven.surefire.util.ReflectionUtils.invokeMethodWithArray(ReflectionUtils.java:189)
	at org.apache.maven.surefire.booter.ProviderFactory$ProviderProxy.invoke(ProviderFactory.java:165)
	at org.apache.maven.surefire.booter.ProviderFactory.invokeProvider(ProviderFactory.java:85)
	at org.apache.maven.surefire.booter.ForkedBooter.runSuitesInProcess(ForkedBooter.java:115)
	at org.apache.maven.surefire.booter.ForkedBooter.main(ForkedBooter.java:75)

Running de.codecentric.spring.boot.chaos.monkey.assaults.LatencyAssaultRangeTest
Tests run: 2, Failures: 0, Errors: 0, Skipped: 0, Time elapsed: 3.586 sec
Running de.codecentric.spring.boot.chaos.monkey.endpoints.ChaosMonkeyRequestScopeRestEndpointIntTest

  .   ____          _            __ _ _
 /\\ / ___'_ __ _ _(_)_ __  __ _ \ \ \ \
( ( )\___ | '_ | '_| | '_ \/ _` | \ \ \ \
 \\/  ___)| |_)| | | | | || (_| |  ) ) ) )
  '  |____| .__|_| |_|_| |_\__, | / / / /
 =========|_|==============|___/=/_/_/_/
 :: Spring Boot ::        (v2.1.6.RELEASE)

Tests run: 18, Failures: 0, Errors: 0, Skipped: 0, Time elapsed: 2.82 sec
Running de.codecentric.spring.boot.chaos.monkey.endpoints.ChaosMonkeyRequestScopeJmxEndpointTest
Tests run: 8, Failures: 0, Errors: 0, Skipped: 0, Time elapsed: 0.001 sec
Running de.codecentric.spring.boot.chaos.monkey.endpoints.ChaosMonkeyRequestScopeRestEndpointDisabledIntTest

  .   ____          _            __ _ _
 /\\ / ___'_ __ _ _(_)_ __  __ _ \ \ \ \
( ( )\___ | '_ | '_| | '_ \/ _` | \ \ \ \
 \\/  ___)| |_)| | | | | || (_| |  ) ) ) )
  '  |____| .__|_| |_|_| |_\__, | / / / /
 =========|_|==============|___/=/_/_/_/
 :: Spring Boot ::        (v2.1.6.RELEASE)

Tests run: 1, Failures: 0, Errors: 0, Skipped: 0, Time elapsed: 2.017 sec
Running de.codecentric.spring.boot.chaos.monkey.component.ChaosMonkeyRequestScopeTest
Tests run: 14, Failures: 0, Errors: 0, Skipped: 0, Time elapsed: 0.457 sec
Running de.codecentric.spring.boot.chaos.monkey.component.ChaosMonkeySchedulerTest
Tests run: 5, Failures: 0, Errors: 0, Skipped: 0, Time elapsed: 0.424 sec
Running de.codecentric.spring.boot.chaos.monkey.ChaosDemoApplicationChaosMonkeyRequestScopeProfileTest

  .   ____          _            __ _ _
 /\\ / ___'_ __ _ _(_)_ __  __ _ \ \ \ \
( ( )\___ | '_ | '_| | '_ \/ _` | \ \ \ \
 \\/  ___)| |_)| | | | | || (_| |  ) ) ) )
  '  |____| .__|_| |_|_| |_\__, | / / / /
 =========|_|==============|___/=/_/_/_/
 :: Spring Boot ::        (v2.1.6.RELEASE)

Tests run: 3, Failures: 0, Errors: 0, Skipped: 0, Time elapsed: 1.838 sec
Running de.codecentric.spring.boot.chaos.monkey.watcher.SpringServiceAspectTest
Tests run: 3, Failures: 0, Errors: 0, Skipped: 0, Time elapsed: 0.107 sec
Running de.codecentric.spring.boot.chaos.monkey.watcher.SpringComponentAspectTest
Tests run: 3, Failures: 0, Errors: 0, Skipped: 0, Time elapsed: 0.025 sec
Running de.codecentric.spring.boot.chaos.monkey.watcher.SpringRepositoryAspectTest
Tests run: 3, Failures: 0, Errors: 0, Skipped: 0, Time elapsed: 0.019 sec
Running de.codecentric.spring.boot.chaos.monkey.watcher.SpringControllerAspectTest
Tests run: 3, Failures: 0, Errors: 0, Skipped: 0, Time elapsed: 0.025 sec
Running de.codecentric.spring.boot.chaos.monkey.watcher.SpringRestControllerAspectTest
Tests run: 3, Failures: 0, Errors: 0, Skipped: 0, Time elapsed: 0.026 sec

Results :

Tests in error: 
  killsSpringBootApplication(de.codecentric.spring.boot.chaos.monkey.assaults.KillAppAssaultTest): org.slf4j.helpers.NOPLogger cannot be cast to ch.qos.logback.classic.Logger

Tests run: 91, Failures: 0, Errors: 1, Skipped: 0

[[1;34mINFO[m] [1m------------------------------------------------------------------------[m
[[1;34mINFO[m] [1mReactor Summary for chaos-monkey-spring-boot-parent 2.1.0:[m
[[1;34mINFO[m] 
[[1;34mINFO[m] chaos-monkey-spring-boot-parent .................... [1;32mSUCCESS[m [  6.054 s]
[[1;34mINFO[m] chaos-monkey-dependencies .......................... [1;32mSUCCESS[m [  0.010 s]
[[1;34mINFO[m] Chaos Monkey for Spring Boot ....................... [1;31mFAILURE[m [ 35.157 s]
[[1;34mINFO[m] chaos-monkey-demo-app .............................. [1;33mSKIPPED[m
[[1;34mINFO[m] chaos-monkey-web-reactive-app ...................... [1;33mSKIPPED[m
[[1;34mINFO[m] chaos-monkey-demo-app-naked ........................ [1;33mSKIPPED[m
[[1;34mINFO[m] chaos-monkey-demo-app-ext-jar ...................... [1;33mSKIPPED[m
[[1;34mINFO[m] chaos-monkey-docs .................................. [1;33mSKIPPED[m
[[1;34mINFO[m] [1m------------------------------------------------------------------------[m
[[1;34mINFO[m] [1;31mBUILD FAILURE[m
[[1;34mINFO[m] [1m------------------------------------------------------------------------[m
[[1;34mINFO[m] Total time:  41.676 s
[[1;34mINFO[m] Finished at: 2021-01-27T21:29:28+08:00
[[1;34mINFO[m] [1m------------------------------------------------------------------------[m
[[1;31mERROR[m] Failed to execute goal [32morg.apache.maven.plugins:maven-surefire-plugin:2.12.4:test[m [1m(default-test)[m on project [36mchaos-monkey-spring-boot[m: [1;31mThere are test failures.[m
[[1;31mERROR[m] [1;31m[m
[[1;31mERROR[m] [1;31mPlease refer to /home/wuxh/Projects/lib-conflict/cases/chaos-monkey-spring-boot-run/chaos-monkey-spring-boot/target/surefire-reports for the individual test results.[m
[[1;31mERROR[m] -> [1m[Help 1][m
[[1;31mERROR[m] 
[[1;31mERROR[m] To see the full stack trace of the errors, re-run Maven with the [1m-e[m switch.
[[1;31mERROR[m] Re-run Maven using the [1m-X[m switch to enable full debug logging.
[[1;31mERROR[m] 
[[1;31mERROR[m] For more information about the errors and possible solutions, please read the following articles:
[[1;31mERROR[m] [1m[Help 1][m http://cwiki.apache.org/confluence/display/MAVEN/MojoFailureException
[[1;31mERROR[m] 
[[1;31mERROR[m] After correcting the problems, you can resume the build with the command
[[1;31mERROR[m]   [1mmvn <args> -rf :chaos-monkey-spring-boot[m
